[0.106s] Invoking command in '/home/rocotics/ros2_ws/build/turtlebot3_manipulation_navigation2': CMAKE_PREFIX_PATH=/opt/ros/foxy /usr/bin/cmake /home/rocotics/ros2_ws/src/turtlebot3_manipulation/turtlebot3_manipulation_navigation2 -DCMAKE_INSTALL_PREFIX=/home/rocotics/ros2_ws/install/turtlebot3_manipulation_navigation2
[0.363s] -- The C compiler identification is GNU 9.4.0
[0.587s] -- The CXX compiler identification is GNU 9.4.0
[0.606s] -- Check for working C compiler: /usr/bin/cc
[0.903s] -- Check for working C compiler: /usr/bin/cc -- works
[0.907s] -- Detecting C compiler ABI info
[1.227s] -- Detecting C compiler ABI info - done
[1.269s] -- Detecting C compile features
[1.271s] -- Detecting C compile features - done
[1.285s] -- Check for working CXX compiler: /usr/bin/c++
[1.628s] -- Check for working CXX compiler: /usr/bin/c++ -- works
[1.632s] -- Detecting CXX compiler ABI info
[2.003s] -- Detecting CXX compiler ABI info - done
[2.062s] -- Detecting CXX compile features
[2.066s] -- Detecting CXX compile features - done
[2.078s] -- Found ament_cmake: 0.9.12 (/opt/ros/foxy/share/ament_cmake/cmake)
[2.211s] -- Found PythonInterp: /usr/bin/python3 (found suitable version "3.8.10", minimum required is "3") 
[2.212s] -- Using PYTHON_EXECUTABLE: /usr/bin/python3
[3.169s] -- Configuring done
[3.177s] -- Generating done
[3.181s] -- Build files have been written to: /home/rocotics/ros2_ws/build/turtlebot3_manipulation_navigation2
[3.197s] Invoked command in '/home/rocotics/ros2_ws/build/turtlebot3_manipulation_navigation2' returned '0': CMAKE_PREFIX_PATH=/opt/ros/foxy /usr/bin/cmake /home/rocotics/ros2_ws/src/turtlebot3_manipulation/turtlebot3_manipulation_navigation2 -DCMAKE_INSTALL_PREFIX=/home/rocotics/ros2_ws/install/turtlebot3_manipulation_navigation2
[3.207s] Invoking command in '/home/rocotics/ros2_ws/build/turtlebot3_manipulation_navigation2': CMAKE_PREFIX_PATH=/opt/ros/foxy /usr/bin/cmake --build /home/rocotics/ros2_ws/build/turtlebot3_manipulation_navigation2 -- -j2 -l2
[3.402s] Invoked command in '/home/rocotics/ros2_ws/build/turtlebot3_manipulation_navigation2' returned '0': CMAKE_PREFIX_PATH=/opt/ros/foxy /usr/bin/cmake --build /home/rocotics/ros2_ws/build/turtlebot3_manipulation_navigation2 -- -j2 -l2
[3.544s] Invoking command in '/home/rocotics/ros2_ws/build/turtlebot3_manipulation_navigation2': CMAKE_PREFIX_PATH=/opt/ros/foxy /usr/bin/cmake --install /home/rocotics/ros2_ws/build/turtlebot3_manipulation_navigation2
[3.588s] -- Install configuration: ""
[3.588s] -- Installing: /home/rocotics/ros2_ws/install/turtlebot3_manipulation_navigation2/share/turtlebot3_manipulation_navigation2/launch
[3.589s] -- Installing: /home/rocotics/ros2_ws/install/turtlebot3_manipulation_navigation2/share/turtlebot3_manipulation_navigation2/launch/navigation2_use_sim_time.launch.py
[3.590s] -- Installing: /home/rocotics/ros2_ws/install/turtlebot3_manipulation_navigation2/share/turtlebot3_manipulation_navigation2/launch/navigation2.launch.py
[3.591s] -- Installing: /home/rocotics/ros2_ws/install/turtlebot3_manipulation_navigation2/share/turtlebot3_manipulation_navigation2/map
[3.592s] -- Installing: /home/rocotics/ros2_ws/install/turtlebot3_manipulation_navigation2/share/turtlebot3_manipulation_navigation2/map/turtlebot3_world.yaml
[3.596s] -- Installing: /home/rocotics/ros2_ws/install/turtlebot3_manipulation_navigation2/share/turtlebot3_manipulation_navigation2/map/turtlebot3_world.pgm
[3.597s] -- Installing: /home/rocotics/ros2_ws/install/turtlebot3_manipulation_navigation2/share/turtlebot3_manipulation_navigation2/param
[3.598s] -- Installing: /home/rocotics/ros2_ws/install/turtlebot3_manipulation_navigation2/share/turtlebot3_manipulation_navigation2/param/turtlebot3_use_sim_time.yaml
[3.601s] -- Installing: /home/rocotics/ros2_ws/install/turtlebot3_manipulation_navigation2/share/turtlebot3_manipulation_navigation2/param/turtlebot3.yaml
[3.602s] -- Installing: /home/rocotics/ros2_ws/install/turtlebot3_manipulation_navigation2/share/turtlebot3_manipulation_navigation2/rviz
[3.603s] -- Installing: /home/rocotics/ros2_ws/install/turtlebot3_manipulation_navigation2/share/turtlebot3_manipulation_navigation2/rviz/navigation2.rviz
[3.605s] -- Installing: /home/rocotics/ros2_ws/install/turtlebot3_manipulation_navigation2/share/ament_index/resource_index/package_run_dependencies/turtlebot3_manipulation_navigation2
[3.606s] -- Installing: /home/rocotics/ros2_ws/install/turtlebot3_manipulation_navigation2/share/ament_index/resource_index/parent_prefix_path/turtlebot3_manipulation_navigation2
[3.607s] -- Installing: /home/rocotics/ros2_ws/install/turtlebot3_manipulation_navigation2/share/turtlebot3_manipulation_navigation2/environment/ament_prefix_path.sh
[3.608s] -- Installing: /home/rocotics/ros2_ws/install/turtlebot3_manipulation_navigation2/share/turtlebot3_manipulation_navigation2/environment/ament_prefix_path.dsv
[3.610s] -- Installing: /home/rocotics/ros2_ws/install/turtlebot3_manipulation_navigation2/share/turtlebot3_manipulation_navigation2/environment/path.sh
[3.611s] -- Installing: /home/rocotics/ros2_ws/install/turtlebot3_manipulation_navigation2/share/turtlebot3_manipulation_navigation2/environment/path.dsv
[3.612s] -- Installing: /home/rocotics/ros2_ws/install/turtlebot3_manipulation_navigation2/share/turtlebot3_manipulation_navigation2/local_setup.bash
[3.614s] -- Installing: /home/rocotics/ros2_ws/install/turtlebot3_manipulation_navigation2/share/turtlebot3_manipulation_navigation2/local_setup.sh
[3.615s] -- Installing: /home/rocotics/ros2_ws/install/turtlebot3_manipulation_navigation2/share/turtlebot3_manipulation_navigation2/local_setup.zsh
[3.616s] -- Installing: /home/rocotics/ros2_ws/install/turtlebot3_manipulation_navigation2/share/turtlebot3_manipulation_navigation2/local_setup.dsv
[3.618s] -- Installing: /home/rocotics/ros2_ws/install/turtlebot3_manipulation_navigation2/share/turtlebot3_manipulation_navigation2/package.dsv
[3.619s] -- Installing: /home/rocotics/ros2_ws/install/turtlebot3_manipulation_navigation2/share/ament_index/resource_index/packages/turtlebot3_manipulation_navigation2
[3.621s] -- Installing: /home/rocotics/ros2_ws/install/turtlebot3_manipulation_navigation2/share/turtlebot3_manipulation_navigation2/cmake/turtlebot3_manipulation_navigation2Config.cmake
[3.621s] -- Installing: /home/rocotics/ros2_ws/install/turtlebot3_manipulation_navigation2/share/turtlebot3_manipulation_navigation2/cmake/turtlebot3_manipulation_navigation2Config-version.cmake
[3.623s] -- Installing: /home/rocotics/ros2_ws/install/turtlebot3_manipulation_navigation2/share/turtlebot3_manipulation_navigation2/package.xml
[3.640s] Invoked command in '/home/rocotics/ros2_ws/build/turtlebot3_manipulation_navigation2' returned '0': CMAKE_PREFIX_PATH=/opt/ros/foxy /usr/bin/cmake --install /home/rocotics/ros2_ws/build/turtlebot3_manipulation_navigation2
