[0.109s] Invoking command in '/home/rocotics/ros2_ws/build/ros2_aruco_interfaces': CMAKE_PREFIX_PATH=/opt/ros/foxy /usr/bin/cmake /home/rocotics/ros2_ws/src/ros2_aruco/ros2_aruco_interfaces -DCMAKE_INSTALL_PREFIX=/home/rocotics/ros2_ws/install/ros2_aruco_interfaces
[0.369s] -- The C compiler identification is GNU 9.4.0
[0.609s] -- The CXX compiler identification is GNU 9.4.0
[0.627s] -- Check for working C compiler: /usr/bin/cc
[0.937s] -- Check for working C compiler: /usr/bin/cc -- works
[0.940s] -- Detecting C compiler ABI info
[1.238s] -- Detecting C compiler ABI info - done
[1.280s] -- Detecting C compile features
[1.283s] -- Detecting C compile features - done
[1.298s] -- Check for working CXX compiler: /usr/bin/c++
[1.638s] -- Check for working CXX compiler: /usr/bin/c++ -- works
[1.642s] -- Detecting CXX compiler ABI info
[1.968s] -- Detecting CXX compiler ABI info - done
[2.024s] -- Detecting CXX compile features
[2.026s] -- Detecting CXX compile features - done
[2.039s] -- Found ament_cmake: 0.9.12 (/opt/ros/foxy/share/ament_cmake/cmake)
[2.132s] -- Found PythonInterp: /usr/bin/python3 (found suitable version "3.8.10", minimum required is "3") 
[2.133s] -- Using PYTHON_EXECUTABLE: /usr/bin/python3
[2.920s] -- Found geometry_msgs: 2.0.5 (/opt/ros/foxy/share/geometry_msgs/cmake)
[3.065s] -- Using all available rosidl_typesupport_c: rosidl_typesupport_fastrtps_c;rosidl_typesupport_introspection_c
[3.090s] -- Found rosidl_adapter: 1.3.1 (/opt/ros/foxy/share/rosidl_adapter/cmake)
[3.418s] -- Found OpenSSL: /usr/lib/x86_64-linux-gnu/libcrypto.so (found version "1.1.1f")  
[3.546s] -- Found FastRTPS: /opt/ros/foxy/include  
[3.894s] -- Using all available rosidl_typesupport_cpp: rosidl_typesupport_fastrtps_cpp;rosidl_typesupport_introspection_cpp
[4.287s] -- Found rosidl_default_generators: 1.0.1 (/opt/ros/foxy/share/rosidl_default_generators/cmake)
[4.408s] -- Found PythonInterp: /usr/bin/python3 (found version "3.8.10") 
[5.094s] -- Found ament_cmake_ros: 0.9.2 (/opt/ros/foxy/share/ament_cmake_ros/cmake)
[6.166s] -- Using all available rosidl_typesupport_c: rosidl_typesupport_fastrtps_c;rosidl_typesupport_introspection_c
[6.569s] -- Using all available rosidl_typesupport_cpp: rosidl_typesupport_fastrtps_cpp;rosidl_typesupport_introspection_cpp
[6.649s] -- Found PythonInterp: /usr/bin/python3 (found suitable version "3.8.10", minimum required is "3.5") 
[6.656s] -- Found python_cmake_module: 0.8.1 (/opt/ros/foxy/share/python_cmake_module/cmake)
[6.746s] -- Found PythonLibs: /usr/lib/x86_64-linux-gnu/libpython3.8.so (found suitable version "3.8.10", minimum required is "3.5") 
[6.747s] -- Using PYTHON_EXECUTABLE: /usr/bin/python3
[6.748s] -- Using PYTHON_INCLUDE_DIRS: /usr/include/python3.8
[6.748s] -- Using PYTHON_LIBRARIES: /usr/lib/x86_64-linux-gnu/libpython3.8.so
[6.825s] -- Found PythonExtra: .so  
[7.108s] -- Found ament_lint_auto: 0.9.8 (/opt/ros/foxy/share/ament_lint_auto/cmake)
[7.214s] -- Added test 'copyright' to check source files copyright and LICENSE
[7.222s] -- Added test 'lint_cmake' to check CMake code style
[7.225s] -- Added test 'xmllint' to check XML markup files
[7.243s] -- Configuring done
[7.447s] -- Generating done
[7.457s] -- Build files have been written to: /home/rocotics/ros2_ws/build/ros2_aruco_interfaces
[7.483s] Invoked command in '/home/rocotics/ros2_ws/build/ros2_aruco_interfaces' returned '0': CMAKE_PREFIX_PATH=/opt/ros/foxy /usr/bin/cmake /home/rocotics/ros2_ws/src/ros2_aruco/ros2_aruco_interfaces -DCMAKE_INSTALL_PREFIX=/home/rocotics/ros2_ws/install/ros2_aruco_interfaces
[7.497s] Invoking command in '/home/rocotics/ros2_ws/build/ros2_aruco_interfaces': CMAKE_PREFIX_PATH=/opt/ros/foxy /usr/bin/cmake --build /home/rocotics/ros2_ws/build/ros2_aruco_interfaces -- -j2 -l2
[7.677s] [35m[1mScanning dependencies of target ros2_aruco_interfaces__cpp[0m
[7.719s] [  3%] [34m[1mGenerating C code for ROS interfaces[0m
[7.788s] [  6%] [34m[1mGenerating C++ code for ROS interfaces[0m
[9.023s] [35m[1mScanning dependencies of target ros2_aruco_interfaces__rosidl_generator_c[0m
[9.117s] [  9%] [32mBuilding C object CMakeFiles/ros2_aruco_interfaces__rosidl_generator_c.dir/rosidl_generator_c/ros2_aruco_interfaces/msg/detail/aruco_markers__functions.c.o[0m
[9.252s] [  9%] Built target ros2_aruco_interfaces__cpp
[9.308s] [ 12%] [34m[1mGenerating C++ type support dispatch for ROS interfaces[0m
[9.499s] [ 16%] [32m[1mLinking C shared library libros2_aruco_interfaces__rosidl_generator_c.so[0m
[9.792s] [ 16%] Built target ros2_aruco_interfaces__rosidl_generator_c
[9.876s] [ 19%] [34m[1mGenerating C++ type support for eProsima Fast-RTPS[0m
[10.312s] [35m[1mScanning dependencies of target ros2_aruco_interfaces__rosidl_typesupport_cpp[0m
[10.389s] [ 22%] [32mBuilding CXX object CMakeFiles/ros2_aruco_interfaces__rosidl_typesupport_cpp.dir/rosidl_typesupport_cpp/ros2_aruco_interfaces/msg/aruco_markers__type_support.cpp.o[0m
[10.962s] [35m[1mScanning dependencies of target ros2_aruco_interfaces__rosidl_typesupport_fastrtps_cpp[0m
[11.047s] [ 25%] [32mBuilding CXX object CMakeFiles/ros2_aruco_interfaces__rosidl_typesupport_fastrtps_cpp.dir/rosidl_typesupport_fastrtps_cpp/ros2_aruco_interfaces/msg/detail/dds_fastrtps/aruco_markers__type_support.cpp.o[0m
[11.454s] [ 29%] [32m[1mLinking CXX shared library libros2_aruco_interfaces__rosidl_typesupport_cpp.so[0m
[11.629s] [ 29%] Built target ros2_aruco_interfaces__rosidl_typesupport_cpp
[11.678s] [ 32%] [34m[1mGenerating C introspection for ROS interfaces[0m
[12.462s] [35m[1mScanning dependencies of target ros2_aruco_interfaces__rosidl_typesupport_introspection_c[0m
[12.527s] [ 35%] [32mBuilding C object CMakeFiles/ros2_aruco_interfaces__rosidl_typesupport_introspection_c.dir/rosidl_typesupport_introspection_c/ros2_aruco_interfaces/msg/detail/aruco_markers__type_support.c.o[0m
[12.677s] [ 38%] [32m[1mLinking C shared library libros2_aruco_interfaces__rosidl_typesupport_introspection_c.so[0m
[12.828s] [ 38%] Built target ros2_aruco_interfaces__rosidl_typesupport_introspection_c
[12.829s] [ 41%] [32m[1mLinking CXX shared library libros2_aruco_interfaces__rosidl_typesupport_fastrtps_cpp.so[0m
[12.877s] [ 45%] [34m[1mGenerating C++ introspection for ROS interfaces[0m
[13.204s] [ 45%] Built target ros2_aruco_interfaces__rosidl_typesupport_fastrtps_cpp
[13.253s] [ 48%] [34m[1mGenerating C type support dispatch for ROS interfaces[0m
[13.576s] [35m[1mScanning dependencies of target ros2_aruco_interfaces__rosidl_typesupport_introspection_cpp[0m
[13.630s] [ 51%] [32mBuilding CXX object CMakeFiles/ros2_aruco_interfaces__rosidl_typesupport_introspection_cpp.dir/rosidl_typesupport_introspection_cpp/ros2_aruco_interfaces/msg/detail/aruco_markers__type_support.cpp.o[0m
[13.966s] [35m[1mScanning dependencies of target ros2_aruco_interfaces__rosidl_typesupport_c[0m
[14.032s] [ 54%] [32mBuilding CXX object CMakeFiles/ros2_aruco_interfaces__rosidl_typesupport_c.dir/rosidl_typesupport_c/ros2_aruco_interfaces/msg/aruco_markers__type_support.cpp.o[0m
[14.148s] [ 58%] [32m[1mLinking CXX shared library libros2_aruco_interfaces__rosidl_typesupport_c.so[0m
[14.336s] [ 58%] Built target ros2_aruco_interfaces__rosidl_typesupport_c
[14.389s] [ 61%] [34m[1mGenerating C type support for eProsima Fast-RTPS[0m
[14.931s] [ 64%] [32m[1mLinking CXX shared library libros2_aruco_interfaces__rosidl_typesupport_introspection_cpp.so[0m
[15.168s] [35m[1mScanning dependencies of target ros2_aruco_interfaces__rosidl_typesupport_fastrtps_c[0m
[15.215s] [ 64%] Built target ros2_aruco_interfaces__rosidl_typesupport_introspection_cpp
[15.247s] [ 67%] [32mBuilding CXX object CMakeFiles/ros2_aruco_interfaces__rosidl_typesupport_fastrtps_c.dir/rosidl_typesupport_fastrtps_c/ros2_aruco_interfaces/msg/detail/aruco_markers__type_support_c.cpp.o[0m
[16.391s] [ 70%] [32m[1mLinking CXX shared library libros2_aruco_interfaces__rosidl_typesupport_fastrtps_c.so[0m
[16.696s] [ 70%] Built target ros2_aruco_interfaces__rosidl_typesupport_fastrtps_c
[16.739s] [35m[1mScanning dependencies of target ros2_aruco_interfaces[0m
[16.785s] [ 70%] Built target ros2_aruco_interfaces
[16.828s] [35m[1mScanning dependencies of target ros2_aruco_interfaces__py[0m
[16.871s] [ 74%] [34m[1mGenerating Python code for ROS interfaces[0m
[17.992s] [ 74%] Built target ros2_aruco_interfaces__py
[18.037s] [35m[1mScanning dependencies of target ros2_aruco_interfaces__python[0m
[18.109s] [ 77%] [32mBuilding C object CMakeFiles/ros2_aruco_interfaces__python.dir/rosidl_generator_py/ros2_aruco_interfaces/msg/_aruco_markers_s.c.o[0m
[18.452s] [ 80%] [32m[1mLinking C shared library rosidl_generator_py/ros2_aruco_interfaces/libros2_aruco_interfaces__python.so[0m
[18.638s] [ 80%] Built target ros2_aruco_interfaces__python
[18.685s] [35m[1mScanning dependencies of target ros2_aruco_interfaces__rosidl_typesupport_c__pyext[0m
[18.691s] [35m[1mScanning dependencies of target ros2_aruco_interfaces__rosidl_typesupport_introspection_c__pyext[0m
[18.785s] [ 83%] [32mBuilding C object CMakeFiles/ros2_aruco_interfaces__rosidl_typesupport_c__pyext.dir/rosidl_generator_py/ros2_aruco_interfaces/_ros2_aruco_interfaces_s.ep.rosidl_typesupport_c.c.o[0m
[18.790s] [ 87%] [32mBuilding C object CMakeFiles/ros2_aruco_interfaces__rosidl_typesupport_introspection_c__pyext.dir/rosidl_generator_py/ros2_aruco_interfaces/_ros2_aruco_interfaces_s.ep.rosidl_typesupport_introspection_c.c.o[0m
[19.099s] [ 90%] [32m[1mLinking C shared library rosidl_generator_py/ros2_aruco_interfaces/ros2_aruco_interfaces_s__rosidl_typesupport_c.cpython-38-x86_64-linux-gnu.so[0m
[19.115s] [ 93%] [32m[1mLinking C shared library rosidl_generator_py/ros2_aruco_interfaces/ros2_aruco_interfaces_s__rosidl_typesupport_introspection_c.cpython-38-x86_64-linux-gnu.so[0m
[19.282s] [ 93%] Built target ros2_aruco_interfaces__rosidl_typesupport_c__pyext
[19.294s] [ 93%] Built target ros2_aruco_interfaces__rosidl_typesupport_introspection_c__pyext
[19.324s] [35m[1mScanning dependencies of target ros2_aruco_interfaces__rosidl_typesupport_fastrtps_c__pyext[0m
[19.398s] [ 96%] [32mBuilding C object CMakeFiles/ros2_aruco_interfaces__rosidl_typesupport_fastrtps_c__pyext.dir/rosidl_generator_py/ros2_aruco_interfaces/_ros2_aruco_interfaces_s.ep.rosidl_typesupport_fastrtps_c.c.o[0m
[19.695s] [100%] [32m[1mLinking CXX shared library rosidl_generator_py/ros2_aruco_interfaces/ros2_aruco_interfaces_s__rosidl_typesupport_fastrtps_c.cpython-38-x86_64-linux-gnu.so[0m
[19.981s] [100%] Built target ros2_aruco_interfaces__rosidl_typesupport_fastrtps_c__pyext
[20.023s] Invoked command in '/home/rocotics/ros2_ws/build/ros2_aruco_interfaces' returned '0': CMAKE_PREFIX_PATH=/opt/ros/foxy /usr/bin/cmake --build /home/rocotics/ros2_ws/build/ros2_aruco_interfaces -- -j2 -l2
[20.337s] Invoking command in '/home/rocotics/ros2_ws/build/ros2_aruco_interfaces': CMAKE_PREFIX_PATH=/opt/ros/foxy /usr/bin/cmake --install /home/rocotics/ros2_ws/build/ros2_aruco_interfaces
[20.392s] -- Install configuration: ""
[20.394s] -- Installing: /home/rocotics/ros2_ws/install/ros2_aruco_interfaces/share/ament_index/resource_index/rosidl_interfaces/ros2_aruco_interfaces
[20.395s] -- Installing: /home/rocotics/ros2_ws/install/ros2_aruco_interfaces/include/ros2_aruco_interfaces
[20.396s] -- Installing: /home/rocotics/ros2_ws/install/ros2_aruco_interfaces/include/ros2_aruco_interfaces/msg
[20.397s] -- Installing: /home/rocotics/ros2_ws/install/ros2_aruco_interfaces/include/ros2_aruco_interfaces/msg/aruco_markers.h
[20.398s] -- Installing: /home/rocotics/ros2_ws/install/ros2_aruco_interfaces/include/ros2_aruco_interfaces/msg/rosidl_generator_c__visibility_control.h
[20.398s] -- Installing: /home/rocotics/ros2_ws/install/ros2_aruco_interfaces/include/ros2_aruco_interfaces/msg/detail
[20.400s] -- Installing: /home/rocotics/ros2_ws/install/ros2_aruco_interfaces/include/ros2_aruco_interfaces/msg/detail/aruco_markers__functions.c
[20.400s] -- Installing: /home/rocotics/ros2_ws/install/ros2_aruco_interfaces/include/ros2_aruco_interfaces/msg/detail/aruco_markers__functions.h
[20.401s] -- Installing: /home/rocotics/ros2_ws/install/ros2_aruco_interfaces/include/ros2_aruco_interfaces/msg/detail/aruco_markers__struct.h
[20.402s] -- Installing: /home/rocotics/ros2_ws/install/ros2_aruco_interfaces/include/ros2_aruco_interfaces/msg/detail/aruco_markers__type_support.h
[20.403s] -- Installing: /home/rocotics/ros2_ws/install/ros2_aruco_interfaces/share/ros2_aruco_interfaces/environment/library_path.sh
[20.405s] -- Installing: /home/rocotics/ros2_ws/install/ros2_aruco_interfaces/share/ros2_aruco_interfaces/environment/library_path.dsv
[20.406s] -- Installing: /home/rocotics/ros2_ws/install/ros2_aruco_interfaces/lib/libros2_aruco_interfaces__rosidl_generator_c.so
[20.408s] -- Set runtime path of "/home/rocotics/ros2_ws/install/ros2_aruco_interfaces/lib/libros2_aruco_interfaces__rosidl_generator_c.so" to ""
[20.409s] -- Up-to-date: /home/rocotics/ros2_ws/install/ros2_aruco_interfaces/include/ros2_aruco_interfaces
[20.409s] -- Up-to-date: /home/rocotics/ros2_ws/install/ros2_aruco_interfaces/include/ros2_aruco_interfaces/msg
[20.410s] -- Up-to-date: /home/rocotics/ros2_ws/install/ros2_aruco_interfaces/include/ros2_aruco_interfaces/msg/detail
[20.411s] -- Installing: /home/rocotics/ros2_ws/install/ros2_aruco_interfaces/include/ros2_aruco_interfaces/msg/detail/aruco_markers__rosidl_typesupport_fastrtps_c.h
[20.412s] -- Installing: /home/rocotics/ros2_ws/install/ros2_aruco_interfaces/include/ros2_aruco_interfaces/msg/rosidl_typesupport_fastrtps_c__visibility_control.h
[20.413s] -- Installing: /home/rocotics/ros2_ws/install/ros2_aruco_interfaces/lib/libros2_aruco_interfaces__rosidl_typesupport_fastrtps_c.so
[20.416s] -- Set runtime path of "/home/rocotics/ros2_ws/install/ros2_aruco_interfaces/lib/libros2_aruco_interfaces__rosidl_typesupport_fastrtps_c.so" to ""
[20.416s] -- Up-to-date: /home/rocotics/ros2_ws/install/ros2_aruco_interfaces/include/ros2_aruco_interfaces
[20.417s] -- Up-to-date: /home/rocotics/ros2_ws/install/ros2_aruco_interfaces/include/ros2_aruco_interfaces/msg
[20.418s] -- Up-to-date: /home/rocotics/ros2_ws/install/ros2_aruco_interfaces/include/ros2_aruco_interfaces/msg/detail
[20.418s] -- Installing: /home/rocotics/ros2_ws/install/ros2_aruco_interfaces/include/ros2_aruco_interfaces/msg/detail/dds_fastrtps
[20.419s] -- Installing: /home/rocotics/ros2_ws/install/ros2_aruco_interfaces/include/ros2_aruco_interfaces/msg/detail/aruco_markers__rosidl_typesupport_fastrtps_cpp.hpp
[20.420s] -- Installing: /home/rocotics/ros2_ws/install/ros2_aruco_interfaces/include/ros2_aruco_interfaces/msg/rosidl_typesupport_fastrtps_cpp__visibility_control.h
[20.421s] -- Installing: /home/rocotics/ros2_ws/install/ros2_aruco_interfaces/lib/libros2_aruco_interfaces__rosidl_typesupport_fastrtps_cpp.so
[20.423s] -- Set runtime path of "/home/rocotics/ros2_ws/install/ros2_aruco_interfaces/lib/libros2_aruco_interfaces__rosidl_typesupport_fastrtps_cpp.so" to ""
[20.424s] -- Up-to-date: /home/rocotics/ros2_ws/install/ros2_aruco_interfaces/include/ros2_aruco_interfaces
[20.425s] -- Up-to-date: /home/rocotics/ros2_ws/install/ros2_aruco_interfaces/include/ros2_aruco_interfaces/msg
[20.425s] -- Installing: /home/rocotics/ros2_ws/install/ros2_aruco_interfaces/include/ros2_aruco_interfaces/msg/rosidl_typesupport_introspection_c__visibility_control.h
[20.426s] -- Up-to-date: /home/rocotics/ros2_ws/install/ros2_aruco_interfaces/include/ros2_aruco_interfaces/msg/detail
[20.426s] -- Installing: /home/rocotics/ros2_ws/install/ros2_aruco_interfaces/include/ros2_aruco_interfaces/msg/detail/aruco_markers__type_support.c
[20.428s] -- Installing: /home/rocotics/ros2_ws/install/ros2_aruco_interfaces/include/ros2_aruco_interfaces/msg/detail/aruco_markers__rosidl_typesupport_introspection_c.h
[20.428s] -- Installing: /home/rocotics/ros2_ws/install/ros2_aruco_interfaces/lib/libros2_aruco_interfaces__rosidl_typesupport_introspection_c.so
[20.430s] -- Set runtime path of "/home/rocotics/ros2_ws/install/ros2_aruco_interfaces/lib/libros2_aruco_interfaces__rosidl_typesupport_introspection_c.so" to ""
[20.431s] -- Installing: /home/rocotics/ros2_ws/install/ros2_aruco_interfaces/lib/libros2_aruco_interfaces__rosidl_typesupport_c.so
[20.433s] -- Set runtime path of "/home/rocotics/ros2_ws/install/ros2_aruco_interfaces/lib/libros2_aruco_interfaces__rosidl_typesupport_c.so" to ""
[20.434s] -- Up-to-date: /home/rocotics/ros2_ws/install/ros2_aruco_interfaces/include/ros2_aruco_interfaces
[20.435s] -- Up-to-date: /home/rocotics/ros2_ws/install/ros2_aruco_interfaces/include/ros2_aruco_interfaces/msg
[20.435s] -- Installing: /home/rocotics/ros2_ws/install/ros2_aruco_interfaces/include/ros2_aruco_interfaces/msg/aruco_markers.hpp
[20.448s] -- Up-to-date: /home/rocotics/ros2_ws/install/ros2_aruco_interfaces/include/ros2_aruco_interfaces/msg/detail
[20.448s] -- Installing: /home/rocotics/ros2_ws/install/ros2_aruco_interfaces/include/ros2_aruco_interfaces/msg/detail/aruco_markers__traits.hpp
[20.449s] -- Installing: /home/rocotics/ros2_ws/install/ros2_aruco_interfaces/include/ros2_aruco_interfaces/msg/detail/aruco_markers__builder.hpp
[20.450s] -- Installing: /home/rocotics/ros2_ws/install/ros2_aruco_interfaces/include/ros2_aruco_interfaces/msg/detail/aruco_markers__struct.hpp
[20.450s] -- Installing: /home/rocotics/ros2_ws/install/ros2_aruco_interfaces/include/ros2_aruco_interfaces/msg/detail/aruco_markers__type_support.hpp
[20.450s] -- Installing: /home/rocotics/ros2_ws/install/ros2_aruco_interfaces/include/ros2_aruco_interfaces/msg/rosidl_generator_cpp__visibility_control.hpp
[20.451s] -- Up-to-date: /home/rocotics/ros2_ws/install/ros2_aruco_interfaces/include/ros2_aruco_interfaces
[20.452s] -- Up-to-date: /home/rocotics/ros2_ws/install/ros2_aruco_interfaces/include/ros2_aruco_interfaces/msg
[20.452s] -- Up-to-date: /home/rocotics/ros2_ws/install/ros2_aruco_interfaces/include/ros2_aruco_interfaces/msg/detail
[20.452s] -- Installing: /home/rocotics/ros2_ws/install/ros2_aruco_interfaces/include/ros2_aruco_interfaces/msg/detail/aruco_markers__rosidl_typesupport_introspection_cpp.hpp
[20.453s] -- Installing: /home/rocotics/ros2_ws/install/ros2_aruco_interfaces/include/ros2_aruco_interfaces/msg/detail/aruco_markers__type_support.cpp
[20.453s] -- Installing: /home/rocotics/ros2_ws/install/ros2_aruco_interfaces/lib/libros2_aruco_interfaces__rosidl_typesupport_introspection_cpp.so
[20.457s] -- Set runtime path of "/home/rocotics/ros2_ws/install/ros2_aruco_interfaces/lib/libros2_aruco_interfaces__rosidl_typesupport_introspection_cpp.so" to ""
[20.457s] -- Installing: /home/rocotics/ros2_ws/install/ros2_aruco_interfaces/lib/libros2_aruco_interfaces__rosidl_typesupport_cpp.so
[20.457s] -- Set runtime path of "/home/rocotics/ros2_ws/install/ros2_aruco_interfaces/lib/libros2_aruco_interfaces__rosidl_typesupport_cpp.so" to ""
[20.457s] -- Installing: /home/rocotics/ros2_ws/install/ros2_aruco_interfaces/share/ros2_aruco_interfaces/environment/pythonpath.sh
[20.459s] -- Installing: /home/rocotics/ros2_ws/install/ros2_aruco_interfaces/share/ros2_aruco_interfaces/environment/pythonpath.dsv
[20.461s] -- Installing: /home/rocotics/ros2_ws/install/ros2_aruco_interfaces/lib/python3.8/site-packages/ros2_aruco_interfaces/__init__.py
[20.572s] Compiling '/home/rocotics/ros2_ws/install/ros2_aruco_interfaces/lib/python3.8/site-packages/ros2_aruco_interfaces/__init__.py'...
[20.586s] -- Installing: /home/rocotics/ros2_ws/install/ros2_aruco_interfaces/lib/python3.8/site-packages/ros2_aruco_interfaces/msg
[20.587s] -- Installing: /home/rocotics/ros2_ws/install/ros2_aruco_interfaces/lib/python3.8/site-packages/ros2_aruco_interfaces/msg/_aruco_markers_s.c
[20.588s] -- Installing: /home/rocotics/ros2_ws/install/ros2_aruco_interfaces/lib/python3.8/site-packages/ros2_aruco_interfaces/msg/_aruco_markers.py
[20.589s] -- Installing: /home/rocotics/ros2_ws/install/ros2_aruco_interfaces/lib/python3.8/site-packages/ros2_aruco_interfaces/msg/__init__.py
[20.589s] -- Installing: /home/rocotics/ros2_ws/install/ros2_aruco_interfaces/lib/python3.8/site-packages/ros2_aruco_interfaces/ros2_aruco_interfaces_s__rosidl_typesupport_fastrtps_c.cpython-38-x86_64-linux-gnu.so
[20.591s] -- Set runtime path of "/home/rocotics/ros2_ws/install/ros2_aruco_interfaces/lib/python3.8/site-packages/ros2_aruco_interfaces/ros2_aruco_interfaces_s__rosidl_typesupport_fastrtps_c.cpython-38-x86_64-linux-gnu.so" to ""
[20.592s] -- Installing: /home/rocotics/ros2_ws/install/ros2_aruco_interfaces/lib/python3.8/site-packages/ros2_aruco_interfaces/ros2_aruco_interfaces_s__rosidl_typesupport_introspection_c.cpython-38-x86_64-linux-gnu.so
[20.594s] -- Set runtime path of "/home/rocotics/ros2_ws/install/ros2_aruco_interfaces/lib/python3.8/site-packages/ros2_aruco_interfaces/ros2_aruco_interfaces_s__rosidl_typesupport_introspection_c.cpython-38-x86_64-linux-gnu.so" to ""
[20.595s] -- Installing: /home/rocotics/ros2_ws/install/ros2_aruco_interfaces/lib/python3.8/site-packages/ros2_aruco_interfaces/ros2_aruco_interfaces_s__rosidl_typesupport_c.cpython-38-x86_64-linux-gnu.so
[20.598s] -- Set runtime path of "/home/rocotics/ros2_ws/install/ros2_aruco_interfaces/lib/python3.8/site-packages/ros2_aruco_interfaces/ros2_aruco_interfaces_s__rosidl_typesupport_c.cpython-38-x86_64-linux-gnu.so" to ""
[20.598s] -- Installing: /home/rocotics/ros2_ws/install/ros2_aruco_interfaces/lib/libros2_aruco_interfaces__python.so
[20.601s] -- Set runtime path of "/home/rocotics/ros2_ws/install/ros2_aruco_interfaces/lib/libros2_aruco_interfaces__python.so" to ""
[20.601s] -- Installing: /home/rocotics/ros2_ws/install/ros2_aruco_interfaces/share/ros2_aruco_interfaces/msg/ArucoMarkers.idl
[20.602s] -- Installing: /home/rocotics/ros2_ws/install/ros2_aruco_interfaces/share/ros2_aruco_interfaces/msg/ArucoMarkers.msg
[20.603s] -- Installing: /home/rocotics/ros2_ws/install/ros2_aruco_interfaces/share/ament_index/resource_index/package_run_dependencies/ros2_aruco_interfaces
[20.604s] -- Installing: /home/rocotics/ros2_ws/install/ros2_aruco_interfaces/share/ament_index/resource_index/parent_prefix_path/ros2_aruco_interfaces
[20.605s] -- Installing: /home/rocotics/ros2_ws/install/ros2_aruco_interfaces/share/ros2_aruco_interfaces/environment/ament_prefix_path.sh
[20.605s] -- Installing: /home/rocotics/ros2_ws/install/ros2_aruco_interfaces/share/ros2_aruco_interfaces/environment/ament_prefix_path.dsv
[20.606s] -- Installing: /home/rocotics/ros2_ws/install/ros2_aruco_interfaces/share/ros2_aruco_interfaces/environment/path.sh
[20.606s] -- Installing: /home/rocotics/ros2_ws/install/ros2_aruco_interfaces/share/ros2_aruco_interfaces/environment/path.dsv
[20.618s] -- Installing: /home/rocotics/ros2_ws/install/ros2_aruco_interfaces/share/ros2_aruco_interfaces/local_setup.bash
[20.618s] -- Installing: /home/rocotics/ros2_ws/install/ros2_aruco_interfaces/share/ros2_aruco_interfaces/local_setup.sh
[20.619s] -- Installing: /home/rocotics/ros2_ws/install/ros2_aruco_interfaces/share/ros2_aruco_interfaces/local_setup.zsh
[20.621s] -- Installing: /home/rocotics/ros2_ws/install/ros2_aruco_interfaces/share/ros2_aruco_interfaces/local_setup.dsv
[20.622s] -- Installing: /home/rocotics/ros2_ws/install/ros2_aruco_interfaces/share/ros2_aruco_interfaces/package.dsv
[20.623s] -- Installing: /home/rocotics/ros2_ws/install/ros2_aruco_interfaces/share/ament_index/resource_index/packages/ros2_aruco_interfaces
[20.625s] -- Installing: /home/rocotics/ros2_ws/install/ros2_aruco_interfaces/share/ros2_aruco_interfaces/cmake/ros2_aruco_interfaces__rosidl_generator_cExport.cmake
[20.627s] -- Installing: /home/rocotics/ros2_ws/install/ros2_aruco_interfaces/share/ros2_aruco_interfaces/cmake/ros2_aruco_interfaces__rosidl_generator_cExport-noconfig.cmake
[20.628s] -- Installing: /home/rocotics/ros2_ws/install/ros2_aruco_interfaces/share/ros2_aruco_interfaces/cmake/ros2_aruco_interfaces__rosidl_typesupport_introspection_cExport.cmake
[20.629s] -- Installing: /home/rocotics/ros2_ws/install/ros2_aruco_interfaces/share/ros2_aruco_interfaces/cmake/ros2_aruco_interfaces__rosidl_typesupport_introspection_cExport-noconfig.cmake
[20.630s] -- Installing: /home/rocotics/ros2_ws/install/ros2_aruco_interfaces/share/ros2_aruco_interfaces/cmake/ros2_aruco_interfaces__rosidl_typesupport_cExport.cmake
[20.632s] -- Installing: /home/rocotics/ros2_ws/install/ros2_aruco_interfaces/share/ros2_aruco_interfaces/cmake/ros2_aruco_interfaces__rosidl_typesupport_cExport-noconfig.cmake
[20.633s] -- Installing: /home/rocotics/ros2_ws/install/ros2_aruco_interfaces/share/ros2_aruco_interfaces/cmake/ros2_aruco_interfaces__rosidl_generator_cppExport.cmake
[20.634s] -- Installing: /home/rocotics/ros2_ws/install/ros2_aruco_interfaces/share/ros2_aruco_interfaces/cmake/ros2_aruco_interfaces__rosidl_typesupport_introspection_cppExport.cmake
[20.635s] -- Installing: /home/rocotics/ros2_ws/install/ros2_aruco_interfaces/share/ros2_aruco_interfaces/cmake/ros2_aruco_interfaces__rosidl_typesupport_introspection_cppExport-noconfig.cmake
[20.636s] -- Installing: /home/rocotics/ros2_ws/install/ros2_aruco_interfaces/share/ros2_aruco_interfaces/cmake/ros2_aruco_interfaces__rosidl_typesupport_cppExport.cmake
[20.637s] -- Installing: /home/rocotics/ros2_ws/install/ros2_aruco_interfaces/share/ros2_aruco_interfaces/cmake/ros2_aruco_interfaces__rosidl_typesupport_cppExport-noconfig.cmake
[20.638s] -- Installing: /home/rocotics/ros2_ws/install/ros2_aruco_interfaces/share/ros2_aruco_interfaces/cmake/rosidl_cmake-extras.cmake
[20.639s] -- Installing: /home/rocotics/ros2_ws/install/ros2_aruco_interfaces/share/ros2_aruco_interfaces/cmake/ament_cmake_export_dependencies-extras.cmake
[20.640s] -- Installing: /home/rocotics/ros2_ws/install/ros2_aruco_interfaces/share/ros2_aruco_interfaces/cmake/ament_cmake_export_libraries-extras.cmake
[20.641s] -- Installing: /home/rocotics/ros2_ws/install/ros2_aruco_interfaces/share/ros2_aruco_interfaces/cmake/ament_cmake_export_targets-extras.cmake
[20.642s] -- Installing: /home/rocotics/ros2_ws/install/ros2_aruco_interfaces/share/ros2_aruco_interfaces/cmake/ament_cmake_export_include_directories-extras.cmake
[20.645s] -- Installing: /home/rocotics/ros2_ws/install/ros2_aruco_interfaces/share/ros2_aruco_interfaces/cmake/rosidl_cmake_export_typesupport_libraries-extras.cmake
[20.646s] -- Installing: /home/rocotics/ros2_ws/install/ros2_aruco_interfaces/share/ros2_aruco_interfaces/cmake/rosidl_cmake_export_typesupport_targets-extras.cmake
[20.646s] -- Installing: /home/rocotics/ros2_ws/install/ros2_aruco_interfaces/share/ros2_aruco_interfaces/cmake/ros2_aruco_interfacesConfig.cmake
[20.646s] -- Installing: /home/rocotics/ros2_ws/install/ros2_aruco_interfaces/share/ros2_aruco_interfaces/cmake/ros2_aruco_interfacesConfig-version.cmake
[20.646s] -- Installing: /home/rocotics/ros2_ws/install/ros2_aruco_interfaces/share/ros2_aruco_interfaces/package.xml
[20.668s] Invoked command in '/home/rocotics/ros2_ws/build/ros2_aruco_interfaces' returned '0': CMAKE_PREFIX_PATH=/opt/ros/foxy /usr/bin/cmake --install /home/rocotics/ros2_ws/build/ros2_aruco_interfaces
