[0.165s] Invoking command in '/home/rocotics/ros2_ws/build/turtlebot3_manipulation_bringup': AMENT_PREFIX_PATH=/home/rocotics/ros2_ws/install/turtlebot3_manipulation_description:${AMENT_PREFIX_PATH} CMAKE_PREFIX_PATH=/home/rocotics/ros2_ws/install/turtlebot3_manipulation_description:/opt/ros/foxy /usr/bin/cmake /home/rocotics/ros2_ws/src/turtlebot3_manipulation/turtlebot3_manipulation_bringup -DCMAKE_INSTALL_PREFIX=/home/rocotics/ros2_ws/install/turtlebot3_manipulation_bringup
[0.413s] -- The C compiler identification is GNU 9.4.0
[0.651s] -- The CXX compiler identification is GNU 9.4.0
[0.667s] -- Check for working C compiler: /usr/bin/cc
[0.972s] -- Check for working C compiler: /usr/bin/cc -- works
[0.976s] -- Detecting C compiler ABI info
[1.249s] -- Detecting C compiler ABI info - done
[1.311s] -- Detecting C compile features
[1.314s] -- Detecting C compile features - done
[1.330s] -- Check for working CXX compiler: /usr/bin/c++
[1.655s] -- Check for working CXX compiler: /usr/bin/c++ -- works
[1.659s] -- Detecting CXX compiler ABI info
[2.012s] -- Detecting CXX compiler ABI info - done
[2.068s] -- Detecting CXX compile features
[2.071s] -- Detecting CXX compile features - done
[2.081s] -- Found ament_cmake: 0.9.12 (/opt/ros/foxy/share/ament_cmake/cmake)
[2.180s] -- Found PythonInterp: /usr/bin/python3 (found suitable version "3.8.10", minimum required is "3") 
[2.181s] -- Using PYTHON_EXECUTABLE: /usr/bin/python3
[3.304s] -- Configuring done
[3.313s] -- Generating done
[3.317s] -- Build files have been written to: /home/rocotics/ros2_ws/build/turtlebot3_manipulation_bringup
[3.327s] Invoked command in '/home/rocotics/ros2_ws/build/turtlebot3_manipulation_bringup' returned '0': AMENT_PREFIX_PATH=/home/rocotics/ros2_ws/install/turtlebot3_manipulation_description:${AMENT_PREFIX_PATH} CMAKE_PREFIX_PATH=/home/rocotics/ros2_ws/install/turtlebot3_manipulation_description:/opt/ros/foxy /usr/bin/cmake /home/rocotics/ros2_ws/src/turtlebot3_manipulation/turtlebot3_manipulation_bringup -DCMAKE_INSTALL_PREFIX=/home/rocotics/ros2_ws/install/turtlebot3_manipulation_bringup
[3.342s] Invoking command in '/home/rocotics/ros2_ws/build/turtlebot3_manipulation_bringup': AMENT_PREFIX_PATH=/home/rocotics/ros2_ws/install/turtlebot3_manipulation_description:${AMENT_PREFIX_PATH} CMAKE_PREFIX_PATH=/home/rocotics/ros2_ws/install/turtlebot3_manipulation_description:/opt/ros/foxy /usr/bin/cmake --build /home/rocotics/ros2_ws/build/turtlebot3_manipulation_bringup -- -j2 -l2
[3.541s] Invoked command in '/home/rocotics/ros2_ws/build/turtlebot3_manipulation_bringup' returned '0': AMENT_PREFIX_PATH=/home/rocotics/ros2_ws/install/turtlebot3_manipulation_description:${AMENT_PREFIX_PATH} CMAKE_PREFIX_PATH=/home/rocotics/ros2_ws/install/turtlebot3_manipulation_description:/opt/ros/foxy /usr/bin/cmake --build /home/rocotics/ros2_ws/build/turtlebot3_manipulation_bringup -- -j2 -l2
[3.710s] Invoking command in '/home/rocotics/ros2_ws/build/turtlebot3_manipulation_bringup': AMENT_PREFIX_PATH=/home/rocotics/ros2_ws/install/turtlebot3_manipulation_description:${AMENT_PREFIX_PATH} CMAKE_PREFIX_PATH=/home/rocotics/ros2_ws/install/turtlebot3_manipulation_description:/opt/ros/foxy /usr/bin/cmake --install /home/rocotics/ros2_ws/build/turtlebot3_manipulation_bringup
[3.759s] -- Install configuration: ""
[3.760s] -- Installing: /home/rocotics/ros2_ws/install/turtlebot3_manipulation_bringup/share/turtlebot3_manipulation_bringup/launch
[3.761s] -- Installing: /home/rocotics/ros2_ws/install/turtlebot3_manipulation_bringup/share/turtlebot3_manipulation_bringup/launch/base.launch.py
[3.761s] -- Installing: /home/rocotics/ros2_ws/install/turtlebot3_manipulation_bringup/share/turtlebot3_manipulation_bringup/launch/hardware.launch.py
[3.761s] -- Installing: /home/rocotics/ros2_ws/install/turtlebot3_manipulation_bringup/share/turtlebot3_manipulation_bringup/launch/fake.launch.py
[3.761s] -- Installing: /home/rocotics/ros2_ws/install/turtlebot3_manipulation_bringup/share/turtlebot3_manipulation_bringup/launch/gazebo.launch.py
[3.762s] -- Installing: /home/rocotics/ros2_ws/install/turtlebot3_manipulation_bringup/share/turtlebot3_manipulation_bringup/config
[3.762s] -- Installing: /home/rocotics/ros2_ws/install/turtlebot3_manipulation_bringup/share/turtlebot3_manipulation_bringup/config/gazebo_controller_manager.yaml
[3.762s] -- Installing: /home/rocotics/ros2_ws/install/turtlebot3_manipulation_bringup/share/turtlebot3_manipulation_bringup/config/hardware_controller_manager.yaml
[3.763s] -- Installing: /home/rocotics/ros2_ws/install/turtlebot3_manipulation_bringup/share/turtlebot3_manipulation_bringup/rviz
[3.765s] -- Installing: /home/rocotics/ros2_ws/install/turtlebot3_manipulation_bringup/share/turtlebot3_manipulation_bringup/rviz/turtlebot3_manipulation.rviz
[3.765s] -- Installing: /home/rocotics/ros2_ws/install/turtlebot3_manipulation_bringup/share/turtlebot3_manipulation_bringup/worlds
[3.783s] -- Installing: /home/rocotics/ros2_ws/install/turtlebot3_manipulation_bringup/share/turtlebot3_manipulation_bringup/worlds/turtlebot3_world
[3.783s] -- Installing: /home/rocotics/ros2_ws/install/turtlebot3_manipulation_bringup/share/turtlebot3_manipulation_bringup/worlds/turtlebot3_world/model.config
[3.784s] -- Installing: /home/rocotics/ros2_ws/install/turtlebot3_manipulation_bringup/share/turtlebot3_manipulation_bringup/worlds/turtlebot3_world/model.sdf
[3.784s] -- Installing: /home/rocotics/ros2_ws/install/turtlebot3_manipulation_bringup/share/turtlebot3_manipulation_bringup/worlds/turtlebot3_world/meshes
[3.785s] -- Installing: /home/rocotics/ros2_ws/install/turtlebot3_manipulation_bringup/share/turtlebot3_manipulation_bringup/worlds/turtlebot3_world/meshes/hexagon.dae
[3.791s] -- Installing: /home/rocotics/ros2_ws/install/turtlebot3_manipulation_bringup/share/turtlebot3_manipulation_bringup/worlds/turtlebot3_world/meshes/wall.dae
[3.791s] -- Installing: /home/rocotics/ros2_ws/install/turtlebot3_manipulation_bringup/share/turtlebot3_manipulation_bringup/worlds/turtlebot3_world/model-1_4.sdf
[3.792s] -- Installing: /home/rocotics/ros2_ws/install/turtlebot3_manipulation_bringup/share/turtlebot3_manipulation_bringup/worlds/empty_world.model
[3.793s] -- Installing: /home/rocotics/ros2_ws/install/turtlebot3_manipulation_bringup/share/turtlebot3_manipulation_bringup/worlds/turtlebot3_world.model
[3.794s] -- Installing: /home/rocotics/ros2_ws/install/turtlebot3_manipulation_bringup/share/turtlebot3_manipulation_bringup/environment/turtlebot3_manipulation_bringup.dsv
[3.800s] -- Installing: /home/rocotics/ros2_ws/install/turtlebot3_manipulation_bringup/share/ament_index/resource_index/package_run_dependencies/turtlebot3_manipulation_bringup
[3.801s] -- Installing: /home/rocotics/ros2_ws/install/turtlebot3_manipulation_bringup/share/ament_index/resource_index/parent_prefix_path/turtlebot3_manipulation_bringup
[3.801s] -- Installing: /home/rocotics/ros2_ws/install/turtlebot3_manipulation_bringup/share/turtlebot3_manipulation_bringup/environment/ament_prefix_path.sh
[3.807s] -- Installing: /home/rocotics/ros2_ws/install/turtlebot3_manipulation_bringup/share/turtlebot3_manipulation_bringup/environment/ament_prefix_path.dsv
[3.807s] -- Installing: /home/rocotics/ros2_ws/install/turtlebot3_manipulation_bringup/share/turtlebot3_manipulation_bringup/environment/path.sh
[3.808s] -- Installing: /home/rocotics/ros2_ws/install/turtlebot3_manipulation_bringup/share/turtlebot3_manipulation_bringup/environment/path.dsv
[3.808s] -- Installing: /home/rocotics/ros2_ws/install/turtlebot3_manipulation_bringup/share/turtlebot3_manipulation_bringup/local_setup.bash
[3.812s] -- Installing: /home/rocotics/ros2_ws/install/turtlebot3_manipulation_bringup/share/turtlebot3_manipulation_bringup/local_setup.sh
[3.813s] -- Installing: /home/rocotics/ros2_ws/install/turtlebot3_manipulation_bringup/share/turtlebot3_manipulation_bringup/local_setup.zsh
[3.813s] -- Installing: /home/rocotics/ros2_ws/install/turtlebot3_manipulation_bringup/share/turtlebot3_manipulation_bringup/local_setup.dsv
[3.814s] -- Installing: /home/rocotics/ros2_ws/install/turtlebot3_manipulation_bringup/share/turtlebot3_manipulation_bringup/package.dsv
[3.815s] -- Installing: /home/rocotics/ros2_ws/install/turtlebot3_manipulation_bringup/share/ament_index/resource_index/packages/turtlebot3_manipulation_bringup
[3.815s] -- Installing: /home/rocotics/ros2_ws/install/turtlebot3_manipulation_bringup/share/turtlebot3_manipulation_bringup/cmake/turtlebot3_manipulation_bringupConfig.cmake
[3.816s] -- Installing: /home/rocotics/ros2_ws/install/turtlebot3_manipulation_bringup/share/turtlebot3_manipulation_bringup/cmake/turtlebot3_manipulation_bringupConfig-version.cmake
[3.816s] -- Installing: /home/rocotics/ros2_ws/install/turtlebot3_manipulation_bringup/share/turtlebot3_manipulation_bringup/package.xml
[3.925s] Invoked command in '/home/rocotics/ros2_ws/build/turtlebot3_manipulation_bringup' returned '0': AMENT_PREFIX_PATH=/home/rocotics/ros2_ws/install/turtlebot3_manipulation_description:${AMENT_PREFIX_PATH} CMAKE_PREFIX_PATH=/home/rocotics/ros2_ws/install/turtlebot3_manipulation_description:/opt/ros/foxy /usr/bin/cmake --install /home/rocotics/ros2_ws/build/turtlebot3_manipulation_bringup
