-- The C compiler identification is GNU 9.4.0
-- The CXX compiler identification is GNU 9.4.0
-- Check for working C compiler: /usr/bin/cc
-- Check for working C compiler: /usr/bin/cc -- works
-- Detecting C compiler ABI info
-- Detecting C compiler ABI info - done
-- Detecting C compile features
-- Detecting C compile features - done
-- Check for working CXX compiler: /usr/bin/c++
-- Check for working CXX compiler: /usr/bin/c++ -- works
-- Detecting CXX compiler ABI info
-- Detecting CXX compiler ABI info - done
-- Detecting CXX compile features
-- Detecting CXX compile features - done
-- Found ament_cmake: 0.9.12 (/opt/ros/foxy/share/ament_cmake/cmake)
-- Found PythonInterp: /usr/bin/python3 (found suitable version "3.8.10", minimum required is "3") 
-- Using PYTHON_EXECUTABLE: /usr/bin/python3
-- Configuring done
-- Generating done
-- Build files have been written to: /home/rocotics/ros2_ws/build/turtlebot3_manipulation
-- Install configuration: ""
-- Installing: /home/rocotics/ros2_ws/install/turtlebot3_manipulation/share/ament_index/resource_index/package_run_dependencies/turtlebot3_manipulation
-- Installing: /home/rocotics/ros2_ws/install/turtlebot3_manipulation/share/ament_index/resource_index/parent_prefix_path/turtlebot3_manipulation
-- Installing: /home/rocotics/ros2_ws/install/turtlebot3_manipulation/share/turtlebot3_manipulation/environment/ament_prefix_path.sh
-- Installing: /home/rocotics/ros2_ws/install/turtlebot3_manipulation/share/turtlebot3_manipulation/environment/ament_prefix_path.dsv
-- Installing: /home/rocotics/ros2_ws/install/turtlebot3_manipulation/share/turtlebot3_manipulation/environment/path.sh
-- Installing: /home/rocotics/ros2_ws/install/turtlebot3_manipulation/share/turtlebot3_manipulation/environment/path.dsv
-- Installing: /home/rocotics/ros2_ws/install/turtlebot3_manipulation/share/turtlebot3_manipulation/local_setup.bash
-- Installing: /home/rocotics/ros2_ws/install/turtlebot3_manipulation/share/turtlebot3_manipulation/local_setup.sh
-- Installing: /home/rocotics/ros2_ws/install/turtlebot3_manipulation/share/turtlebot3_manipulation/local_setup.zsh
-- Installing: /home/rocotics/ros2_ws/install/turtlebot3_manipulation/share/turtlebot3_manipulation/local_setup.dsv
-- Installing: /home/rocotics/ros2_ws/install/turtlebot3_manipulation/share/turtlebot3_manipulation/package.dsv
-- Installing: /home/rocotics/ros2_ws/install/turtlebot3_manipulation/share/ament_index/resource_index/packages/turtlebot3_manipulation
-- Installing: /home/rocotics/ros2_ws/install/turtlebot3_manipulation/share/turtlebot3_manipulation/cmake/turtlebot3_manipulationConfig.cmake
-- Installing: /home/rocotics/ros2_ws/install/turtlebot3_manipulation/share/turtlebot3_manipulation/cmake/turtlebot3_manipulationConfig-version.cmake
-- Installing: /home/rocotics/ros2_ws/install/turtlebot3_manipulation/share/turtlebot3_manipulation/package.xml
