[0.118s] Invoking command in '/home/rocotics/ros2_ws/build/turtlebot3_manipulation': AMENT_PREFIX_PATH=/home/rocotics/ros2_ws/install/turtlebot3_manipulation_teleop:/home/rocotics/ros2_ws/install/turtlebot3_manipulation_moveit_config:/home/rocotics/ros2_ws/install/turtlebot3_manipulation_bringup:/home/rocotics/ros2_ws/install/turtlebot3_manipulation_navigation2:/home/rocotics/ros2_ws/install/turtlebot3_manipulation_hardware:/home/rocotics/ros2_ws/install/turtlebot3_manipulation_description:/home/rocotics/ros2_ws/install/turtlebot3_manipulation_cartographer:${AMENT_PREFIX_PATH} CMAKE_PREFIX_PATH=/home/rocotics/ros2_ws/install/turtlebot3_manipulation_teleop:/home/rocotics/ros2_ws/install/turtlebot3_manipulation_moveit_config:/home/rocotics/ros2_ws/install/turtlebot3_manipulation_bringup:/home/rocotics/ros2_ws/install/turtlebot3_manipulation_navigation2:/home/rocotics/ros2_ws/install/turtlebot3_manipulation_hardware:/home/rocotics/ros2_ws/install/turtlebot3_manipulation_description:/home/rocotics/ros2_ws/install/turtlebot3_manipulation_cartographer:/opt/ros/foxy LD_LIBRARY_PATH=/home/rocotics/ros2_ws/install/turtlebot3_manipulation_hardware/lib:${LD_LIBRARY_PATH} /usr/bin/cmake /home/rocotics/ros2_ws/src/turtlebot3_manipulation/turtlebot3_manipulation -DCMAKE_INSTALL_PREFIX=/home/rocotics/ros2_ws/install/turtlebot3_manipulation
[0.354s] -- The C compiler identification is GNU 9.4.0
[0.584s] -- The CXX compiler identification is GNU 9.4.0
[0.603s] -- Check for working C compiler: /usr/bin/cc
[0.876s] -- Check for working C compiler: /usr/bin/cc -- works
[0.879s] -- Detecting C compiler ABI info
[1.156s] -- Detecting C compiler ABI info - done
[1.205s] -- Detecting C compile features
[1.207s] -- Detecting C compile features - done
[1.215s] -- Check for working CXX compiler: /usr/bin/c++
[1.550s] -- Check for working CXX compiler: /usr/bin/c++ -- works
[1.554s] -- Detecting CXX compiler ABI info
[1.910s] -- Detecting CXX compiler ABI info - done
[2.017s] -- Detecting CXX compile features
[2.028s] -- Detecting CXX compile features - done
[2.057s] -- Found ament_cmake: 0.9.12 (/opt/ros/foxy/share/ament_cmake/cmake)
[2.235s] -- Found PythonInterp: /usr/bin/python3 (found suitable version "3.8.10", minimum required is "3") 
[2.236s] -- Using PYTHON_EXECUTABLE: /usr/bin/python3
[3.716s] -- Configuring done
[3.722s] -- Generating done
[3.755s] -- Build files have been written to: /home/rocotics/ros2_ws/build/turtlebot3_manipulation
[3.770s] Invoked command in '/home/rocotics/ros2_ws/build/turtlebot3_manipulation' returned '0': AMENT_PREFIX_PATH=/home/rocotics/ros2_ws/install/turtlebot3_manipulation_teleop:/home/rocotics/ros2_ws/install/turtlebot3_manipulation_moveit_config:/home/rocotics/ros2_ws/install/turtlebot3_manipulation_bringup:/home/rocotics/ros2_ws/install/turtlebot3_manipulation_navigation2:/home/rocotics/ros2_ws/install/turtlebot3_manipulation_hardware:/home/rocotics/ros2_ws/install/turtlebot3_manipulation_description:/home/rocotics/ros2_ws/install/turtlebot3_manipulation_cartographer:${AMENT_PREFIX_PATH} CMAKE_PREFIX_PATH=/home/rocotics/ros2_ws/install/turtlebot3_manipulation_teleop:/home/rocotics/ros2_ws/install/turtlebot3_manipulation_moveit_config:/home/rocotics/ros2_ws/install/turtlebot3_manipulation_bringup:/home/rocotics/ros2_ws/install/turtlebot3_manipulation_navigation2:/home/rocotics/ros2_ws/install/turtlebot3_manipulation_hardware:/home/rocotics/ros2_ws/install/turtlebot3_manipulation_description:/home/rocotics/ros2_ws/install/turtlebot3_manipulation_cartographer:/opt/ros/foxy LD_LIBRARY_PATH=/home/rocotics/ros2_ws/install/turtlebot3_manipulation_hardware/lib:${LD_LIBRARY_PATH} /usr/bin/cmake /home/rocotics/ros2_ws/src/turtlebot3_manipulation/turtlebot3_manipulation -DCMAKE_INSTALL_PREFIX=/home/rocotics/ros2_ws/install/turtlebot3_manipulation
[3.774s] Invoking command in '/home/rocotics/ros2_ws/build/turtlebot3_manipulation': AMENT_PREFIX_PATH=/home/rocotics/ros2_ws/install/turtlebot3_manipulation_teleop:/home/rocotics/ros2_ws/install/turtlebot3_manipulation_moveit_config:/home/rocotics/ros2_ws/install/turtlebot3_manipulation_bringup:/home/rocotics/ros2_ws/install/turtlebot3_manipulation_navigation2:/home/rocotics/ros2_ws/install/turtlebot3_manipulation_hardware:/home/rocotics/ros2_ws/install/turtlebot3_manipulation_description:/home/rocotics/ros2_ws/install/turtlebot3_manipulation_cartographer:${AMENT_PREFIX_PATH} CMAKE_PREFIX_PATH=/home/rocotics/ros2_ws/install/turtlebot3_manipulation_teleop:/home/rocotics/ros2_ws/install/turtlebot3_manipulation_moveit_config:/home/rocotics/ros2_ws/install/turtlebot3_manipulation_bringup:/home/rocotics/ros2_ws/install/turtlebot3_manipulation_navigation2:/home/rocotics/ros2_ws/install/turtlebot3_manipulation_hardware:/home/rocotics/ros2_ws/install/turtlebot3_manipulation_description:/home/rocotics/ros2_ws/install/turtlebot3_manipulation_cartographer:/opt/ros/foxy LD_LIBRARY_PATH=/home/rocotics/ros2_ws/install/turtlebot3_manipulation_hardware/lib:${LD_LIBRARY_PATH} /usr/bin/cmake --build /home/rocotics/ros2_ws/build/turtlebot3_manipulation -- -j2 -l2
[4.010s] Invoked command in '/home/rocotics/ros2_ws/build/turtlebot3_manipulation' returned '0': AMENT_PREFIX_PATH=/home/rocotics/ros2_ws/install/turtlebot3_manipulation_teleop:/home/rocotics/ros2_ws/install/turtlebot3_manipulation_moveit_config:/home/rocotics/ros2_ws/install/turtlebot3_manipulation_bringup:/home/rocotics/ros2_ws/install/turtlebot3_manipulation_navigation2:/home/rocotics/ros2_ws/install/turtlebot3_manipulation_hardware:/home/rocotics/ros2_ws/install/turtlebot3_manipulation_description:/home/rocotics/ros2_ws/install/turtlebot3_manipulation_cartographer:${AMENT_PREFIX_PATH} CMAKE_PREFIX_PATH=/home/rocotics/ros2_ws/install/turtlebot3_manipulation_teleop:/home/rocotics/ros2_ws/install/turtlebot3_manipulation_moveit_config:/home/rocotics/ros2_ws/install/turtlebot3_manipulation_bringup:/home/rocotics/ros2_ws/install/turtlebot3_manipulation_navigation2:/home/rocotics/ros2_ws/install/turtlebot3_manipulation_hardware:/home/rocotics/ros2_ws/install/turtlebot3_manipulation_description:/home/rocotics/ros2_ws/install/turtlebot3_manipulation_cartographer:/opt/ros/foxy LD_LIBRARY_PATH=/home/rocotics/ros2_ws/install/turtlebot3_manipulation_hardware/lib:${LD_LIBRARY_PATH} /usr/bin/cmake --build /home/rocotics/ros2_ws/build/turtlebot3_manipulation -- -j2 -l2
[4.146s] Invoking command in '/home/rocotics/ros2_ws/build/turtlebot3_manipulation': AMENT_PREFIX_PATH=/home/rocotics/ros2_ws/install/turtlebot3_manipulation_teleop:/home/rocotics/ros2_ws/install/turtlebot3_manipulation_moveit_config:/home/rocotics/ros2_ws/install/turtlebot3_manipulation_bringup:/home/rocotics/ros2_ws/install/turtlebot3_manipulation_navigation2:/home/rocotics/ros2_ws/install/turtlebot3_manipulation_hardware:/home/rocotics/ros2_ws/install/turtlebot3_manipulation_description:/home/rocotics/ros2_ws/install/turtlebot3_manipulation_cartographer:${AMENT_PREFIX_PATH} CMAKE_PREFIX_PATH=/home/rocotics/ros2_ws/install/turtlebot3_manipulation_teleop:/home/rocotics/ros2_ws/install/turtlebot3_manipulation_moveit_config:/home/rocotics/ros2_ws/install/turtlebot3_manipulation_bringup:/home/rocotics/ros2_ws/install/turtlebot3_manipulation_navigation2:/home/rocotics/ros2_ws/install/turtlebot3_manipulation_hardware:/home/rocotics/ros2_ws/install/turtlebot3_manipulation_description:/home/rocotics/ros2_ws/install/turtlebot3_manipulation_cartographer:/opt/ros/foxy LD_LIBRARY_PATH=/home/rocotics/ros2_ws/install/turtlebot3_manipulation_hardware/lib:${LD_LIBRARY_PATH} /usr/bin/cmake --install /home/rocotics/ros2_ws/build/turtlebot3_manipulation
[4.218s] -- Install configuration: ""
[4.224s] -- Installing: /home/rocotics/ros2_ws/install/turtlebot3_manipulation/share/ament_index/resource_index/package_run_dependencies/turtlebot3_manipulation
[4.225s] -- Installing: /home/rocotics/ros2_ws/install/turtlebot3_manipulation/share/ament_index/resource_index/parent_prefix_path/turtlebot3_manipulation
[4.225s] -- Installing: /home/rocotics/ros2_ws/install/turtlebot3_manipulation/share/turtlebot3_manipulation/environment/ament_prefix_path.sh
[4.226s] -- Installing: /home/rocotics/ros2_ws/install/turtlebot3_manipulation/share/turtlebot3_manipulation/environment/ament_prefix_path.dsv
[4.227s] -- Installing: /home/rocotics/ros2_ws/install/turtlebot3_manipulation/share/turtlebot3_manipulation/environment/path.sh
[4.227s] -- Installing: /home/rocotics/ros2_ws/install/turtlebot3_manipulation/share/turtlebot3_manipulation/environment/path.dsv
[4.228s] -- Installing: /home/rocotics/ros2_ws/install/turtlebot3_manipulation/share/turtlebot3_manipulation/local_setup.bash
[4.228s] -- Installing: /home/rocotics/ros2_ws/install/turtlebot3_manipulation/share/turtlebot3_manipulation/local_setup.sh
[4.229s] -- Installing: /home/rocotics/ros2_ws/install/turtlebot3_manipulation/share/turtlebot3_manipulation/local_setup.zsh
[4.230s] -- Installing: /home/rocotics/ros2_ws/install/turtlebot3_manipulation/share/turtlebot3_manipulation/local_setup.dsv
[4.232s] -- Installing: /home/rocotics/ros2_ws/install/turtlebot3_manipulation/share/turtlebot3_manipulation/package.dsv
[4.232s] -- Installing: /home/rocotics/ros2_ws/install/turtlebot3_manipulation/share/ament_index/resource_index/packages/turtlebot3_manipulation
[4.239s] -- Installing: /home/rocotics/ros2_ws/install/turtlebot3_manipulation/share/turtlebot3_manipulation/cmake/turtlebot3_manipulationConfig.cmake
[4.239s] -- Installing: /home/rocotics/ros2_ws/install/turtlebot3_manipulation/share/turtlebot3_manipulation/cmake/turtlebot3_manipulationConfig-version.cmake
[4.240s] -- Installing: /home/rocotics/ros2_ws/install/turtlebot3_manipulation/share/turtlebot3_manipulation/package.xml
[4.257s] Invoked command in '/home/rocotics/ros2_ws/build/turtlebot3_manipulation' returned '0': AMENT_PREFIX_PATH=/home/rocotics/ros2_ws/install/turtlebot3_manipulation_teleop:/home/rocotics/ros2_ws/install/turtlebot3_manipulation_moveit_config:/home/rocotics/ros2_ws/install/turtlebot3_manipulation_bringup:/home/rocotics/ros2_ws/install/turtlebot3_manipulation_navigation2:/home/rocotics/ros2_ws/install/turtlebot3_manipulation_hardware:/home/rocotics/ros2_ws/install/turtlebot3_manipulation_description:/home/rocotics/ros2_ws/install/turtlebot3_manipulation_cartographer:${AMENT_PREFIX_PATH} CMAKE_PREFIX_PATH=/home/rocotics/ros2_ws/install/turtlebot3_manipulation_teleop:/home/rocotics/ros2_ws/install/turtlebot3_manipulation_moveit_config:/home/rocotics/ros2_ws/install/turtlebot3_manipulation_bringup:/home/rocotics/ros2_ws/install/turtlebot3_manipulation_navigation2:/home/rocotics/ros2_ws/install/turtlebot3_manipulation_hardware:/home/rocotics/ros2_ws/install/turtlebot3_manipulation_description:/home/rocotics/ros2_ws/install/turtlebot3_manipulation_cartographer:/opt/ros/foxy LD_LIBRARY_PATH=/home/rocotics/ros2_ws/install/turtlebot3_manipulation_hardware/lib:${LD_LIBRARY_PATH} /usr/bin/cmake --install /home/rocotics/ros2_ws/build/turtlebot3_manipulation
