[0.072s] Invoking command in '/home/rocotics/ros2_ws/build/turtlebot3_manipulation_moveit_config': AMENT_PREFIX_PATH=/home/rocotics/ros2_ws/install/turtlebot3_manipulation_description:${AMENT_PREFIX_PATH} CMAKE_PREFIX_PATH=/home/rocotics/ros2_ws/install/turtlebot3_manipulation_description:/opt/ros/foxy /usr/bin/cmake /home/rocotics/ros2_ws/src/turtlebot3_manipulation/turtlebot3_manipulation_moveit_config -DCMAKE_INSTALL_PREFIX=/home/rocotics/ros2_ws/install/turtlebot3_manipulation_moveit_config
[0.275s] -- The C compiler identification is GNU 9.4.0
[0.496s] -- The CXX compiler identification is GNU 9.4.0
[0.519s] -- Check for working C compiler: /usr/bin/cc
[0.816s] -- Check for working C compiler: /usr/bin/cc -- works
[0.819s] -- Detecting C compiler ABI info
[1.105s] -- Detecting C compiler ABI info - done
[1.157s] -- Detecting C compile features
[1.159s] -- Detecting C compile features - done
[1.171s] -- Check for working CXX compiler: /usr/bin/c++
[1.526s] -- Check for working CXX compiler: /usr/bin/c++ -- works
[1.529s] -- Detecting CXX compiler ABI info
[1.860s] -- Detecting CXX compiler ABI info - done
[1.904s] -- Detecting CXX compile features
[1.905s] -- Detecting CXX compile features - done
[1.917s] -- Found ament_cmake: 0.9.12 (/opt/ros/foxy/share/ament_cmake/cmake)
[2.009s] -- Found PythonInterp: /usr/bin/python3 (found suitable version "3.8.10", minimum required is "3") 
[2.010s] -- Using PYTHON_EXECUTABLE: /usr/bin/python3
[3.044s] -- Configuring done
[3.053s] -- Generating done
[3.057s] -- Build files have been written to: /home/rocotics/ros2_ws/build/turtlebot3_manipulation_moveit_config
[3.067s] Invoked command in '/home/rocotics/ros2_ws/build/turtlebot3_manipulation_moveit_config' returned '0': AMENT_PREFIX_PATH=/home/rocotics/ros2_ws/install/turtlebot3_manipulation_description:${AMENT_PREFIX_PATH} CMAKE_PREFIX_PATH=/home/rocotics/ros2_ws/install/turtlebot3_manipulation_description:/opt/ros/foxy /usr/bin/cmake /home/rocotics/ros2_ws/src/turtlebot3_manipulation/turtlebot3_manipulation_moveit_config -DCMAKE_INSTALL_PREFIX=/home/rocotics/ros2_ws/install/turtlebot3_manipulation_moveit_config
[3.077s] Invoking command in '/home/rocotics/ros2_ws/build/turtlebot3_manipulation_moveit_config': AMENT_PREFIX_PATH=/home/rocotics/ros2_ws/install/turtlebot3_manipulation_description:${AMENT_PREFIX_PATH} CMAKE_PREFIX_PATH=/home/rocotics/ros2_ws/install/turtlebot3_manipulation_description:/opt/ros/foxy /usr/bin/cmake --build /home/rocotics/ros2_ws/build/turtlebot3_manipulation_moveit_config -- -j2 -l2
[3.251s] Invoked command in '/home/rocotics/ros2_ws/build/turtlebot3_manipulation_moveit_config' returned '0': AMENT_PREFIX_PATH=/home/rocotics/ros2_ws/install/turtlebot3_manipulation_description:${AMENT_PREFIX_PATH} CMAKE_PREFIX_PATH=/home/rocotics/ros2_ws/install/turtlebot3_manipulation_description:/opt/ros/foxy /usr/bin/cmake --build /home/rocotics/ros2_ws/build/turtlebot3_manipulation_moveit_config -- -j2 -l2
[3.387s] Invoking command in '/home/rocotics/ros2_ws/build/turtlebot3_manipulation_moveit_config': AMENT_PREFIX_PATH=/home/rocotics/ros2_ws/install/turtlebot3_manipulation_description:${AMENT_PREFIX_PATH} CMAKE_PREFIX_PATH=/home/rocotics/ros2_ws/install/turtlebot3_manipulation_description:/opt/ros/foxy /usr/bin/cmake --install /home/rocotics/ros2_ws/build/turtlebot3_manipulation_moveit_config
[3.440s] -- Install configuration: ""
[3.441s] -- Installing: /home/rocotics/ros2_ws/install/turtlebot3_manipulation_moveit_config/share/ament_index/resource_index/package_run_dependencies/turtlebot3_manipulation_moveit_config
[3.441s] -- Installing: /home/rocotics/ros2_ws/install/turtlebot3_manipulation_moveit_config/share/ament_index/resource_index/parent_prefix_path/turtlebot3_manipulation_moveit_config
[3.442s] -- Installing: /home/rocotics/ros2_ws/install/turtlebot3_manipulation_moveit_config/share/turtlebot3_manipulation_moveit_config/environment/ament_prefix_path.sh
[3.442s] -- Installing: /home/rocotics/ros2_ws/install/turtlebot3_manipulation_moveit_config/share/turtlebot3_manipulation_moveit_config/environment/ament_prefix_path.dsv
[3.442s] -- Installing: /home/rocotics/ros2_ws/install/turtlebot3_manipulation_moveit_config/share/turtlebot3_manipulation_moveit_config/environment/path.sh
[3.443s] -- Installing: /home/rocotics/ros2_ws/install/turtlebot3_manipulation_moveit_config/share/turtlebot3_manipulation_moveit_config/environment/path.dsv
[3.444s] -- Installing: /home/rocotics/ros2_ws/install/turtlebot3_manipulation_moveit_config/share/turtlebot3_manipulation_moveit_config/local_setup.bash
[3.444s] -- Installing: /home/rocotics/ros2_ws/install/turtlebot3_manipulation_moveit_config/share/turtlebot3_manipulation_moveit_config/local_setup.sh
[3.448s] -- Installing: /home/rocotics/ros2_ws/install/turtlebot3_manipulation_moveit_config/share/turtlebot3_manipulation_moveit_config/local_setup.zsh
[3.448s] -- Installing: /home/rocotics/ros2_ws/install/turtlebot3_manipulation_moveit_config/share/turtlebot3_manipulation_moveit_config/local_setup.dsv
[3.448s] -- Installing: /home/rocotics/ros2_ws/install/turtlebot3_manipulation_moveit_config/share/turtlebot3_manipulation_moveit_config/package.dsv
[3.448s] -- Installing: /home/rocotics/ros2_ws/install/turtlebot3_manipulation_moveit_config/share/ament_index/resource_index/packages/turtlebot3_manipulation_moveit_config
[3.448s] -- Installing: /home/rocotics/ros2_ws/install/turtlebot3_manipulation_moveit_config/share/turtlebot3_manipulation_moveit_config/cmake/turtlebot3_manipulation_moveit_configConfig.cmake
[3.449s] -- Installing: /home/rocotics/ros2_ws/install/turtlebot3_manipulation_moveit_config/share/turtlebot3_manipulation_moveit_config/cmake/turtlebot3_manipulation_moveit_configConfig-version.cmake
[3.450s] -- Installing: /home/rocotics/ros2_ws/install/turtlebot3_manipulation_moveit_config/share/turtlebot3_manipulation_moveit_config/package.xml
[3.451s] -- Installing: /home/rocotics/ros2_ws/install/turtlebot3_manipulation_moveit_config/share/turtlebot3_manipulation_moveit_config/launch
[3.451s] -- Installing: /home/rocotics/ros2_ws/install/turtlebot3_manipulation_moveit_config/share/turtlebot3_manipulation_moveit_config/launch/moveit_gazebo.launch.py
[3.452s] -- Installing: /home/rocotics/ros2_ws/install/turtlebot3_manipulation_moveit_config/share/turtlebot3_manipulation_moveit_config/launch/static_virtual_joint_tfs.launch.py
[3.452s] -- Installing: /home/rocotics/ros2_ws/install/turtlebot3_manipulation_moveit_config/share/turtlebot3_manipulation_moveit_config/launch/moveit_core.launch.py
[3.452s] -- Installing: /home/rocotics/ros2_ws/install/turtlebot3_manipulation_moveit_config/share/turtlebot3_manipulation_moveit_config/launch/rsp.launch.py
[3.453s] -- Installing: /home/rocotics/ros2_ws/install/turtlebot3_manipulation_moveit_config/share/turtlebot3_manipulation_moveit_config/launch/moveit_rviz.launch.py
[3.453s] -- Installing: /home/rocotics/ros2_ws/install/turtlebot3_manipulation_moveit_config/share/turtlebot3_manipulation_moveit_config/launch/warehouse_db.launch.py
[3.454s] -- Installing: /home/rocotics/ros2_ws/install/turtlebot3_manipulation_moveit_config/share/turtlebot3_manipulation_moveit_config/launch/move_group.launch.py
[3.454s] -- Installing: /home/rocotics/ros2_ws/install/turtlebot3_manipulation_moveit_config/share/turtlebot3_manipulation_moveit_config/launch/servo.launch.py
[3.454s] -- Installing: /home/rocotics/ros2_ws/install/turtlebot3_manipulation_moveit_config/share/turtlebot3_manipulation_moveit_config/launch/moveit_fake.launch.py
[3.455s] -- Installing: /home/rocotics/ros2_ws/install/turtlebot3_manipulation_moveit_config/share/turtlebot3_manipulation_moveit_config/launch/spawn_controllers.launch.py
[3.455s] -- Installing: /home/rocotics/ros2_ws/install/turtlebot3_manipulation_moveit_config/share/turtlebot3_manipulation_moveit_config/config
[3.456s] -- Installing: /home/rocotics/ros2_ws/install/turtlebot3_manipulation_moveit_config/share/turtlebot3_manipulation_moveit_config/config/moveit.rviz
[3.457s] -- Installing: /home/rocotics/ros2_ws/install/turtlebot3_manipulation_moveit_config/share/turtlebot3_manipulation_moveit_config/config/initial_positions.yaml
[3.457s] -- Installing: /home/rocotics/ros2_ws/install/turtlebot3_manipulation_moveit_config/share/turtlebot3_manipulation_moveit_config/config/moveit_servo.yaml
[3.458s] -- Installing: /home/rocotics/ros2_ws/install/turtlebot3_manipulation_moveit_config/share/turtlebot3_manipulation_moveit_config/config/kinematics.yaml
[3.458s] -- Installing: /home/rocotics/ros2_ws/install/turtlebot3_manipulation_moveit_config/share/turtlebot3_manipulation_moveit_config/config/ompl_planning.yaml
[3.459s] -- Installing: /home/rocotics/ros2_ws/install/turtlebot3_manipulation_moveit_config/share/turtlebot3_manipulation_moveit_config/config/moveit_controllers.yaml
[3.459s] -- Installing: /home/rocotics/ros2_ws/install/turtlebot3_manipulation_moveit_config/share/turtlebot3_manipulation_moveit_config/config/turtlebot3_manipulation.srdf
[3.459s] -- Installing: /home/rocotics/ros2_ws/install/turtlebot3_manipulation_moveit_config/share/turtlebot3_manipulation_moveit_config/config/moveit_teleop.rviz
[3.461s] -- Installing: /home/rocotics/ros2_ws/install/turtlebot3_manipulation_moveit_config/share/turtlebot3_manipulation_moveit_config/config/joint_limits.yaml
[3.462s] -- Installing: /home/rocotics/ros2_ws/install/turtlebot3_manipulation_moveit_config/share/turtlebot3_manipulation_moveit_config/.setup_assistant
[3.475s] Invoked command in '/home/rocotics/ros2_ws/build/turtlebot3_manipulation_moveit_config' returned '0': AMENT_PREFIX_PATH=/home/rocotics/ros2_ws/install/turtlebot3_manipulation_description:${AMENT_PREFIX_PATH} CMAKE_PREFIX_PATH=/home/rocotics/ros2_ws/install/turtlebot3_manipulation_description:/opt/ros/foxy /usr/bin/cmake --install /home/rocotics/ros2_ws/build/turtlebot3_manipulation_moveit_config
