[2.387s] Invoking command in '/home/rocotics/ros2_ws/src/ros2_aruco/ros2_aruco': PYTHONPATH=/home/rocotics/ros2_ws/build/ros2_aruco/prefix_override:/home/rocotics/ros2_ws/install/ros2_aruco/lib/python3.8/site-packages:${PYTHONPATH} /usr/bin/python3 setup.py egg_info --egg-base ../../../build/ros2_aruco build --build-base /home/rocotics/ros2_ws/build/ros2_aruco/build install --record /home/rocotics/ros2_ws/build/ros2_aruco/install.log --install-scripts $base/lib/ros2_aruco --single-version-externally-managed
[3.218s] running egg_info
[3.221s] creating ../../../build/ros2_aruco/ros2_aruco.egg-info
[3.222s] writing ../../../build/ros2_aruco/ros2_aruco.egg-info/PKG-INFO
[3.223s] writing dependency_links to ../../../build/ros2_aruco/ros2_aruco.egg-info/dependency_links.txt
[3.223s] writing entry points to ../../../build/ros2_aruco/ros2_aruco.egg-info/entry_points.txt
[3.224s] writing requirements to ../../../build/ros2_aruco/ros2_aruco.egg-info/requires.txt
[3.225s] writing top-level names to ../../../build/ros2_aruco/ros2_aruco.egg-info/top_level.txt
[3.228s] writing manifest file '../../../build/ros2_aruco/ros2_aruco.egg-info/SOURCES.txt'
[3.334s] reading manifest file '../../../build/ros2_aruco/ros2_aruco.egg-info/SOURCES.txt'
[3.337s] writing manifest file '../../../build/ros2_aruco/ros2_aruco.egg-info/SOURCES.txt'
[3.338s] running build
[3.339s] running build_py
[3.339s] creating /home/rocotics/ros2_ws/build/ros2_aruco/build
[3.340s] creating /home/rocotics/ros2_ws/build/ros2_aruco/build/lib
[3.341s] creating /home/rocotics/ros2_ws/build/ros2_aruco/build/lib/ros2_aruco
[3.342s] copying ros2_aruco/transformations.py -> /home/rocotics/ros2_ws/build/ros2_aruco/build/lib/ros2_aruco
[3.344s] copying ros2_aruco/aruco_node.py -> /home/rocotics/ros2_ws/build/ros2_aruco/build/lib/ros2_aruco
[3.345s] copying ros2_aruco/__init__.py -> /home/rocotics/ros2_ws/build/ros2_aruco/build/lib/ros2_aruco
[3.346s] copying ros2_aruco/aruco_generate_marker.py -> /home/rocotics/ros2_ws/build/ros2_aruco/build/lib/ros2_aruco
[3.348s] running install
[3.352s] running install_lib
[3.357s] creating /home/rocotics/ros2_ws/install/ros2_aruco/lib/python3.8/site-packages/ros2_aruco
[3.358s] copying /home/rocotics/ros2_ws/build/ros2_aruco/build/lib/ros2_aruco/transformations.py -> /home/rocotics/ros2_ws/install/ros2_aruco/lib/python3.8/site-packages/ros2_aruco
[3.360s] copying /home/rocotics/ros2_ws/build/ros2_aruco/build/lib/ros2_aruco/aruco_node.py -> /home/rocotics/ros2_ws/install/ros2_aruco/lib/python3.8/site-packages/ros2_aruco
[3.361s] copying /home/rocotics/ros2_ws/build/ros2_aruco/build/lib/ros2_aruco/__init__.py -> /home/rocotics/ros2_ws/install/ros2_aruco/lib/python3.8/site-packages/ros2_aruco
[3.362s] copying /home/rocotics/ros2_ws/build/ros2_aruco/build/lib/ros2_aruco/aruco_generate_marker.py -> /home/rocotics/ros2_ws/install/ros2_aruco/lib/python3.8/site-packages/ros2_aruco
[3.364s] byte-compiling /home/rocotics/ros2_ws/install/ros2_aruco/lib/python3.8/site-packages/ros2_aruco/transformations.py to transformations.cpython-38.pyc
[3.404s] byte-compiling /home/rocotics/ros2_ws/install/ros2_aruco/lib/python3.8/site-packages/ros2_aruco/aruco_node.py to aruco_node.cpython-38.pyc
[3.407s] byte-compiling /home/rocotics/ros2_ws/install/ros2_aruco/lib/python3.8/site-packages/ros2_aruco/__init__.py to __init__.cpython-38.pyc
[3.408s] byte-compiling /home/rocotics/ros2_ws/install/ros2_aruco/lib/python3.8/site-packages/ros2_aruco/aruco_generate_marker.py to aruco_generate_marker.cpython-38.pyc
[3.410s] running install_data
[3.412s] creating /home/rocotics/ros2_ws/install/ros2_aruco/share/ament_index
[3.412s] creating /home/rocotics/ros2_ws/install/ros2_aruco/share/ament_index/resource_index
[3.413s] creating /home/rocotics/ros2_ws/install/ros2_aruco/share/ament_index/resource_index/packages
[3.413s] copying resource/ros2_aruco -> /home/rocotics/ros2_ws/install/ros2_aruco/share/ament_index/resource_index/packages
[3.414s] copying package.xml -> /home/rocotics/ros2_ws/install/ros2_aruco/share/ros2_aruco
[3.415s] running install_egg_info
[3.420s] Copying ../../../build/ros2_aruco/ros2_aruco.egg-info to /home/rocotics/ros2_ws/install/ros2_aruco/lib/python3.8/site-packages/ros2_aruco-0.1.0-py3.8.egg-info
[3.423s] running install_scripts
[3.482s] Installing aruco_generate_marker script to /home/rocotics/ros2_ws/install/ros2_aruco/lib/ros2_aruco
[3.483s] Installing aruco_node script to /home/rocotics/ros2_ws/install/ros2_aruco/lib/ros2_aruco
[3.487s] writing list of installed files to '/home/rocotics/ros2_ws/build/ros2_aruco/install.log'
[3.557s] Invoked command in '/home/rocotics/ros2_ws/src/ros2_aruco/ros2_aruco' returned '0': PYTHONPATH=/home/rocotics/ros2_ws/build/ros2_aruco/prefix_override:/home/rocotics/ros2_ws/install/ros2_aruco/lib/python3.8/site-packages:${PYTHONPATH} /usr/bin/python3 setup.py egg_info --egg-base ../../../build/ros2_aruco build --build-base /home/rocotics/ros2_ws/build/ros2_aruco/build install --record /home/rocotics/ros2_ws/build/ros2_aruco/install.log --install-scripts $base/lib/ros2_aruco --single-version-externally-managed
