[0.127s] Invoking command in '/home/rocotics/ros2_ws/build/turtlebot3_manipulation_description': CMAKE_PREFIX_PATH=/opt/ros/foxy /usr/bin/cmake /home/rocotics/ros2_ws/src/turtlebot3_manipulation/turtlebot3_manipulation_description -DCMAKE_INSTALL_PREFIX=/home/rocotics/ros2_ws/install/turtlebot3_manipulation_description
[0.400s] -- The C compiler identification is GNU 9.4.0
[0.617s] -- The CXX compiler identification is GNU 9.4.0
[0.635s] -- Check for working C compiler: /usr/bin/cc
[0.924s] -- Check for working C compiler: /usr/bin/cc -- works
[0.925s] -- Detecting C compiler ABI info
[1.206s] -- Detecting C compiler ABI info - done
[1.246s] -- Detecting C compile features
[1.248s] -- Detecting C compile features - done
[1.260s] -- Check for working CXX compiler: /usr/bin/c++
[1.571s] -- Check for working CXX compiler: /usr/bin/c++ -- works
[1.577s] -- Detecting CXX compiler ABI info
[1.906s] -- Detecting CXX compiler ABI info - done
[1.956s] -- Detecting CXX compile features
[1.958s] -- Detecting CXX compile features - done
[1.966s] -- Found ament_cmake: 0.9.12 (/opt/ros/foxy/share/ament_cmake/cmake)
[2.049s] -- Found PythonInterp: /usr/bin/python3 (found suitable version "3.8.10", minimum required is "3") 
[2.050s] -- Using PYTHON_EXECUTABLE: /usr/bin/python3
[3.033s] -- Configuring done
[3.039s] -- Generating done
[3.042s] -- Build files have been written to: /home/rocotics/ros2_ws/build/turtlebot3_manipulation_description
[3.058s] Invoked command in '/home/rocotics/ros2_ws/build/turtlebot3_manipulation_description' returned '0': CMAKE_PREFIX_PATH=/opt/ros/foxy /usr/bin/cmake /home/rocotics/ros2_ws/src/turtlebot3_manipulation/turtlebot3_manipulation_description -DCMAKE_INSTALL_PREFIX=/home/rocotics/ros2_ws/install/turtlebot3_manipulation_description
[3.064s] Invoking command in '/home/rocotics/ros2_ws/build/turtlebot3_manipulation_description': CMAKE_PREFIX_PATH=/opt/ros/foxy /usr/bin/cmake --build /home/rocotics/ros2_ws/build/turtlebot3_manipulation_description -- -j2 -l2
[3.241s] Invoked command in '/home/rocotics/ros2_ws/build/turtlebot3_manipulation_description' returned '0': CMAKE_PREFIX_PATH=/opt/ros/foxy /usr/bin/cmake --build /home/rocotics/ros2_ws/build/turtlebot3_manipulation_description -- -j2 -l2
[3.431s] Invoking command in '/home/rocotics/ros2_ws/build/turtlebot3_manipulation_description': CMAKE_PREFIX_PATH=/opt/ros/foxy /usr/bin/cmake --install /home/rocotics/ros2_ws/build/turtlebot3_manipulation_description
[3.481s] -- Install configuration: ""
[3.482s] -- Installing: /home/rocotics/ros2_ws/install/turtlebot3_manipulation_description/share/turtlebot3_manipulation_description/launch
[3.482s] -- Installing: /home/rocotics/ros2_ws/install/turtlebot3_manipulation_description/share/turtlebot3_manipulation_description/launch/model.launch.py
[3.482s] -- Installing: /home/rocotics/ros2_ws/install/turtlebot3_manipulation_description/share/turtlebot3_manipulation_description/rviz
[3.483s] -- Installing: /home/rocotics/ros2_ws/install/turtlebot3_manipulation_description/share/turtlebot3_manipulation_description/rviz/model.rviz
[3.484s] -- Installing: /home/rocotics/ros2_ws/install/turtlebot3_manipulation_description/share/turtlebot3_manipulation_description/urdf
[3.485s] -- Installing: /home/rocotics/ros2_ws/install/turtlebot3_manipulation_description/share/turtlebot3_manipulation_description/urdf/turtlebot3_manipulation.urdf.xacro
[3.485s] -- Installing: /home/rocotics/ros2_ws/install/turtlebot3_manipulation_description/share/turtlebot3_manipulation_description/urdf/turtlebot3_waffle_pi.urdf.xacro
[3.485s] -- Installing: /home/rocotics/ros2_ws/install/turtlebot3_manipulation_description/share/turtlebot3_manipulation_description/urdf/open_manipulator_x.urdf.xacro
[3.486s] -- Installing: /home/rocotics/ros2_ws/install/turtlebot3_manipulation_description/share/turtlebot3_manipulation_description/gazebo
[3.486s] -- Installing: /home/rocotics/ros2_ws/install/turtlebot3_manipulation_description/share/turtlebot3_manipulation_description/gazebo/turtlebot3_waffle_pi.gazebo.xacro
[3.486s] -- Installing: /home/rocotics/ros2_ws/install/turtlebot3_manipulation_description/share/turtlebot3_manipulation_description/gazebo/materials.xacro
[3.486s] -- Installing: /home/rocotics/ros2_ws/install/turtlebot3_manipulation_description/share/turtlebot3_manipulation_description/gazebo/open_manipulator_x.gazebo.xacro
[3.487s] -- Installing: /home/rocotics/ros2_ws/install/turtlebot3_manipulation_description/share/turtlebot3_manipulation_description/meshes
[3.487s] -- Installing: /home/rocotics/ros2_ws/install/turtlebot3_manipulation_description/share/turtlebot3_manipulation_description/meshes/turtlebot3_waffle_pi
[3.487s] -- Installing: /home/rocotics/ros2_ws/install/turtlebot3_manipulation_description/share/turtlebot3_manipulation_description/meshes/turtlebot3_waffle_pi/right_tire.stl
[3.490s] -- Installing: /home/rocotics/ros2_ws/install/turtlebot3_manipulation_description/share/turtlebot3_manipulation_description/meshes/turtlebot3_waffle_pi/ladar.stl
[3.494s] -- Installing: /home/rocotics/ros2_ws/install/turtlebot3_manipulation_description/share/turtlebot3_manipulation_description/meshes/turtlebot3_waffle_pi/left_tire.stl
[3.497s] -- Installing: /home/rocotics/ros2_ws/install/turtlebot3_manipulation_description/share/turtlebot3_manipulation_description/meshes/turtlebot3_waffle_pi/base.stl
[3.521s] -- Installing: /home/rocotics/ros2_ws/install/turtlebot3_manipulation_description/share/turtlebot3_manipulation_description/meshes/open_manipulator_x
[3.521s] -- Installing: /home/rocotics/ros2_ws/install/turtlebot3_manipulation_description/share/turtlebot3_manipulation_description/meshes/open_manipulator_x/link5.stl
[3.524s] -- Installing: /home/rocotics/ros2_ws/install/turtlebot3_manipulation_description/share/turtlebot3_manipulation_description/meshes/open_manipulator_x/link2.stl
[3.525s] -- Installing: /home/rocotics/ros2_ws/install/turtlebot3_manipulation_description/share/turtlebot3_manipulation_description/meshes/open_manipulator_x/gripper_right_palm.stl
[3.526s] -- Installing: /home/rocotics/ros2_ws/install/turtlebot3_manipulation_description/share/turtlebot3_manipulation_description/meshes/open_manipulator_x/link4.stl
[3.528s] -- Installing: /home/rocotics/ros2_ws/install/turtlebot3_manipulation_description/share/turtlebot3_manipulation_description/meshes/open_manipulator_x/link3.stl
[3.531s] -- Installing: /home/rocotics/ros2_ws/install/turtlebot3_manipulation_description/share/turtlebot3_manipulation_description/meshes/open_manipulator_x/gripper_left_palm.stl
[3.532s] -- Installing: /home/rocotics/ros2_ws/install/turtlebot3_manipulation_description/share/turtlebot3_manipulation_description/meshes/open_manipulator_x/link1.stl
[3.536s] -- Installing: /home/rocotics/ros2_ws/install/turtlebot3_manipulation_description/share/turtlebot3_manipulation_description/ros2_control
[3.536s] -- Installing: /home/rocotics/ros2_ws/install/turtlebot3_manipulation_description/share/turtlebot3_manipulation_description/ros2_control/turtlebot3_manipulation_system.ros2_control.xacro
[3.537s] -- Installing: /home/rocotics/ros2_ws/install/turtlebot3_manipulation_description/share/turtlebot3_manipulation_description/environment/turtlebot3_manipulation_description.dsv
[3.539s] -- Installing: /home/rocotics/ros2_ws/install/turtlebot3_manipulation_description/share/ament_index/resource_index/package_run_dependencies/turtlebot3_manipulation_description
[3.540s] -- Installing: /home/rocotics/ros2_ws/install/turtlebot3_manipulation_description/share/ament_index/resource_index/parent_prefix_path/turtlebot3_manipulation_description
[3.540s] -- Installing: /home/rocotics/ros2_ws/install/turtlebot3_manipulation_description/share/turtlebot3_manipulation_description/environment/ament_prefix_path.sh
[3.540s] -- Installing: /home/rocotics/ros2_ws/install/turtlebot3_manipulation_description/share/turtlebot3_manipulation_description/environment/ament_prefix_path.dsv
[3.541s] -- Installing: /home/rocotics/ros2_ws/install/turtlebot3_manipulation_description/share/turtlebot3_manipulation_description/environment/path.sh
[3.541s] -- Installing: /home/rocotics/ros2_ws/install/turtlebot3_manipulation_description/share/turtlebot3_manipulation_description/environment/path.dsv
[3.541s] -- Installing: /home/rocotics/ros2_ws/install/turtlebot3_manipulation_description/share/turtlebot3_manipulation_description/local_setup.bash
[3.541s] -- Installing: /home/rocotics/ros2_ws/install/turtlebot3_manipulation_description/share/turtlebot3_manipulation_description/local_setup.sh
[3.542s] -- Installing: /home/rocotics/ros2_ws/install/turtlebot3_manipulation_description/share/turtlebot3_manipulation_description/local_setup.zsh
[3.542s] -- Installing: /home/rocotics/ros2_ws/install/turtlebot3_manipulation_description/share/turtlebot3_manipulation_description/local_setup.dsv
[3.542s] -- Installing: /home/rocotics/ros2_ws/install/turtlebot3_manipulation_description/share/turtlebot3_manipulation_description/package.dsv
[3.543s] -- Installing: /home/rocotics/ros2_ws/install/turtlebot3_manipulation_description/share/ament_index/resource_index/packages/turtlebot3_manipulation_description
[3.544s] -- Installing: /home/rocotics/ros2_ws/install/turtlebot3_manipulation_description/share/turtlebot3_manipulation_description/cmake/turtlebot3_manipulation_descriptionConfig.cmake
[3.546s] -- Installing: /home/rocotics/ros2_ws/install/turtlebot3_manipulation_description/share/turtlebot3_manipulation_description/cmake/turtlebot3_manipulation_descriptionConfig-version.cmake
[3.547s] -- Installing: /home/rocotics/ros2_ws/install/turtlebot3_manipulation_description/share/turtlebot3_manipulation_description/package.xml
[3.558s] Invoked command in '/home/rocotics/ros2_ws/build/turtlebot3_manipulation_description' returned '0': CMAKE_PREFIX_PATH=/opt/ros/foxy /usr/bin/cmake --install /home/rocotics/ros2_ws/build/turtlebot3_manipulation_description
