[0.143s] Invoking command in '/home/rocotics/ros2_ws/build/turtlebot3_manipulation_hardware': CMAKE_PREFIX_PATH=/opt/ros/foxy /usr/bin/cmake /home/rocotics/ros2_ws/src/turtlebot3_manipulation/turtlebot3_manipulation_hardware -DCMAKE_INSTALL_PREFIX=/home/rocotics/ros2_ws/install/turtlebot3_manipulation_hardware
[0.420s] -- The C compiler identification is GNU 9.4.0
[0.647s] -- The CXX compiler identification is GNU 9.4.0
[0.661s] -- Check for working C compiler: /usr/bin/cc
[0.942s] -- Check for working C compiler: /usr/bin/cc -- works
[0.946s] -- Detecting C compiler ABI info
[1.236s] -- Detecting C compiler ABI info - done
[1.279s] -- Detecting C compile features
[1.281s] -- Detecting C compile features - done
[1.295s] -- Check for working CXX compiler: /usr/bin/c++
[1.640s] -- Check for working CXX compiler: /usr/bin/c++ -- works
[1.646s] -- Detecting CXX compiler ABI info
[2.019s] -- Detecting CXX compiler ABI info - done
[2.077s] -- Detecting CXX compile features
[2.080s] -- Detecting CXX compile features - done
[2.092s] -- Found ament_cmake: 0.9.12 (/opt/ros/foxy/share/ament_cmake/cmake)
[2.213s] -- Found PythonInterp: /usr/bin/python3 (found suitable version "3.8.10", minimum required is "3") 
[2.215s] -- Using PYTHON_EXECUTABLE: /usr/bin/python3
[2.998s] -- Found dynamixel_sdk: 3.7.40 (/opt/ros/foxy/share/dynamixel_sdk/cmake)
[3.012s] -- Found hardware_interface: 0.11.0 (/opt/ros/foxy/share/hardware_interface/cmake)
[3.135s] -- Using all available rosidl_typesupport_c: rosidl_typesupport_fastrtps_c;rosidl_typesupport_introspection_c
[3.173s] -- Found rosidl_adapter: 1.3.1 (/opt/ros/foxy/share/rosidl_adapter/cmake)
[3.523s] -- Found OpenSSL: /usr/lib/x86_64-linux-gnu/libcrypto.so (found version "1.1.1f")  
[3.637s] -- Found FastRTPS: /opt/ros/foxy/include  
[3.932s] -- Using all available rosidl_typesupport_cpp: rosidl_typesupport_fastrtps_cpp;rosidl_typesupport_introspection_cpp
[5.548s] -- Found rclcpp: 2.4.3 (/opt/ros/foxy/share/rclcpp/cmake)
[5.718s] -- Found rmw_implementation_cmake: 1.0.4 (/opt/ros/foxy/share/rmw_implementation_cmake/cmake)
[5.725s] -- Using RMW implementation 'rmw_fastrtps_cpp' as default
[5.728s] -- Looking for pthread.h
[6.021s] -- Looking for pthread.h - found
[6.027s] -- Performing Test CMAKE_HAVE_LIBC_PTHREAD
[6.344s] -- Performing Test CMAKE_HAVE_LIBC_PTHREAD - Failed
[6.345s] -- Looking for pthread_create in pthreads
[6.585s] -- Looking for pthread_create in pthreads - not found
[6.586s] -- Looking for pthread_create in pthread
[6.899s] -- Looking for pthread_create in pthread - found
[6.903s] -- Found Threads: TRUE  
[7.750s] -- Configuring done
[7.852s] -- Generating done
[7.860s] -- Build files have been written to: /home/rocotics/ros2_ws/build/turtlebot3_manipulation_hardware
[7.886s] Invoked command in '/home/rocotics/ros2_ws/build/turtlebot3_manipulation_hardware' returned '0': CMAKE_PREFIX_PATH=/opt/ros/foxy /usr/bin/cmake /home/rocotics/ros2_ws/src/turtlebot3_manipulation/turtlebot3_manipulation_hardware -DCMAKE_INSTALL_PREFIX=/home/rocotics/ros2_ws/install/turtlebot3_manipulation_hardware
[7.897s] Invoking command in '/home/rocotics/ros2_ws/build/turtlebot3_manipulation_hardware': CMAKE_PREFIX_PATH=/opt/ros/foxy /usr/bin/cmake --build /home/rocotics/ros2_ws/build/turtlebot3_manipulation_hardware -- -j2 -l2
[8.089s] [35m[1mScanning dependencies of target turtlebot3_manipulation_hardware[0m
[8.246s] [ 25%] [32mBuilding CXX object CMakeFiles/turtlebot3_manipulation_hardware.dir/src/opencr.cpp.o[0m
[8.263s] [ 50%] [32mBuilding CXX object CMakeFiles/turtlebot3_manipulation_hardware.dir/src/dynamixel_sdk_wrapper.cpp.o[0m
[10.114s] [ 75%] [32mBuilding CXX object CMakeFiles/turtlebot3_manipulation_hardware.dir/src/turtlebot3_manipulation_system.cpp.o[0m
[20.196s] [100%] [32m[1mLinking CXX shared library libturtlebot3_manipulation_hardware.so[0m
[20.873s] [100%] Built target turtlebot3_manipulation_hardware
[20.924s] Invoked command in '/home/rocotics/ros2_ws/build/turtlebot3_manipulation_hardware' returned '0': CMAKE_PREFIX_PATH=/opt/ros/foxy /usr/bin/cmake --build /home/rocotics/ros2_ws/build/turtlebot3_manipulation_hardware -- -j2 -l2
[21.095s] Invoking command in '/home/rocotics/ros2_ws/build/turtlebot3_manipulation_hardware': CMAKE_PREFIX_PATH=/opt/ros/foxy /usr/bin/cmake --install /home/rocotics/ros2_ws/build/turtlebot3_manipulation_hardware
[21.146s] -- Install configuration: ""
[21.147s] -- Installing: /home/rocotics/ros2_ws/install/turtlebot3_manipulation_hardware/share/turtlebot3_manipulation_hardware/turtlebot3_manipulation_hardware.xml
[21.148s] -- Installing: /home/rocotics/ros2_ws/install/turtlebot3_manipulation_hardware/include
[21.149s] -- Installing: /home/rocotics/ros2_ws/install/turtlebot3_manipulation_hardware/include/turtlebot3_manipulation_hardware
[21.149s] -- Installing: /home/rocotics/ros2_ws/install/turtlebot3_manipulation_hardware/include/turtlebot3_manipulation_hardware/opencr_control_table.hpp
[21.150s] -- Installing: /home/rocotics/ros2_ws/install/turtlebot3_manipulation_hardware/include/turtlebot3_manipulation_hardware/turtlebot3_manipulation_system.hpp
[21.151s] -- Installing: /home/rocotics/ros2_ws/install/turtlebot3_manipulation_hardware/include/turtlebot3_manipulation_hardware/visibility_control.h
[21.151s] -- Installing: /home/rocotics/ros2_ws/install/turtlebot3_manipulation_hardware/include/turtlebot3_manipulation_hardware/opencr.hpp
[21.152s] -- Installing: /home/rocotics/ros2_ws/install/turtlebot3_manipulation_hardware/include/turtlebot3_manipulation_hardware/dynamixel_sdk_wrapper.hpp
[21.153s] -- Installing: /home/rocotics/ros2_ws/install/turtlebot3_manipulation_hardware/include/turtlebot3_manipulation_hardware/opencr_definitions.hpp
[21.155s] -- Installing: /home/rocotics/ros2_ws/install/turtlebot3_manipulation_hardware/lib/libturtlebot3_manipulation_hardware.so
[21.160s] -- Set runtime path of "/home/rocotics/ros2_ws/install/turtlebot3_manipulation_hardware/lib/libturtlebot3_manipulation_hardware.so" to ""
[21.160s] -- Installing: /home/rocotics/ros2_ws/install/turtlebot3_manipulation_hardware/share/turtlebot3_manipulation_hardware/environment/library_path.sh
[21.161s] -- Installing: /home/rocotics/ros2_ws/install/turtlebot3_manipulation_hardware/share/turtlebot3_manipulation_hardware/environment/library_path.dsv
[21.162s] -- Installing: /home/rocotics/ros2_ws/install/turtlebot3_manipulation_hardware/share/ament_index/resource_index/package_run_dependencies/turtlebot3_manipulation_hardware
[21.163s] -- Installing: /home/rocotics/ros2_ws/install/turtlebot3_manipulation_hardware/share/ament_index/resource_index/parent_prefix_path/turtlebot3_manipulation_hardware
[21.164s] -- Installing: /home/rocotics/ros2_ws/install/turtlebot3_manipulation_hardware/share/turtlebot3_manipulation_hardware/environment/ament_prefix_path.sh
[21.165s] -- Installing: /home/rocotics/ros2_ws/install/turtlebot3_manipulation_hardware/share/turtlebot3_manipulation_hardware/environment/ament_prefix_path.dsv
[21.166s] -- Installing: /home/rocotics/ros2_ws/install/turtlebot3_manipulation_hardware/share/turtlebot3_manipulation_hardware/environment/path.sh
[21.167s] -- Installing: /home/rocotics/ros2_ws/install/turtlebot3_manipulation_hardware/share/turtlebot3_manipulation_hardware/environment/path.dsv
[21.168s] -- Installing: /home/rocotics/ros2_ws/install/turtlebot3_manipulation_hardware/share/turtlebot3_manipulation_hardware/local_setup.bash
[21.169s] -- Installing: /home/rocotics/ros2_ws/install/turtlebot3_manipulation_hardware/share/turtlebot3_manipulation_hardware/local_setup.sh
[21.170s] -- Installing: /home/rocotics/ros2_ws/install/turtlebot3_manipulation_hardware/share/turtlebot3_manipulation_hardware/local_setup.zsh
[21.171s] -- Installing: /home/rocotics/ros2_ws/install/turtlebot3_manipulation_hardware/share/turtlebot3_manipulation_hardware/local_setup.dsv
[21.172s] -- Installing: /home/rocotics/ros2_ws/install/turtlebot3_manipulation_hardware/share/turtlebot3_manipulation_hardware/package.dsv
[21.174s] -- Installing: /home/rocotics/ros2_ws/install/turtlebot3_manipulation_hardware/share/ament_index/resource_index/packages/turtlebot3_manipulation_hardware
[21.175s] -- Installing: /home/rocotics/ros2_ws/install/turtlebot3_manipulation_hardware/share/ament_index/resource_index/hardware_interface__pluginlib__plugin/turtlebot3_manipulation_hardware
[21.176s] -- Installing: /home/rocotics/ros2_ws/install/turtlebot3_manipulation_hardware/share/turtlebot3_manipulation_hardware/cmake/ament_cmake_export_include_directories-extras.cmake
[21.177s] -- Installing: /home/rocotics/ros2_ws/install/turtlebot3_manipulation_hardware/share/turtlebot3_manipulation_hardware/cmake/ament_cmake_export_libraries-extras.cmake
[21.178s] -- Installing: /home/rocotics/ros2_ws/install/turtlebot3_manipulation_hardware/share/turtlebot3_manipulation_hardware/cmake/ament_cmake_export_dependencies-extras.cmake
[21.179s] -- Installing: /home/rocotics/ros2_ws/install/turtlebot3_manipulation_hardware/share/turtlebot3_manipulation_hardware/cmake/turtlebot3_manipulation_hardwareConfig.cmake
[21.180s] -- Installing: /home/rocotics/ros2_ws/install/turtlebot3_manipulation_hardware/share/turtlebot3_manipulation_hardware/cmake/turtlebot3_manipulation_hardwareConfig-version.cmake
[21.180s] -- Installing: /home/rocotics/ros2_ws/install/turtlebot3_manipulation_hardware/share/turtlebot3_manipulation_hardware/package.xml
[21.199s] Invoked command in '/home/rocotics/ros2_ws/build/turtlebot3_manipulation_hardware' returned '0': CMAKE_PREFIX_PATH=/opt/ros/foxy /usr/bin/cmake --install /home/rocotics/ros2_ws/build/turtlebot3_manipulation_hardware
