[0.080s] Invoking command in '/home/rocotics/ros2_ws/build/turtlebot3_manipulation_teleop': AMENT_PREFIX_PATH=/home/rocotics/ros2_ws/install/turtlebot3_manipulation_moveit_config:/home/rocotics/ros2_ws/install/turtlebot3_manipulation_bringup:/home/rocotics/ros2_ws/install/turtlebot3_manipulation_description:${AMENT_PREFIX_PATH} CMAKE_PREFIX_PATH=/home/rocotics/ros2_ws/install/turtlebot3_manipulation_moveit_config:/home/rocotics/ros2_ws/install/turtlebot3_manipulation_bringup:/home/rocotics/ros2_ws/install/turtlebot3_manipulation_description:/opt/ros/foxy /usr/bin/cmake /home/rocotics/ros2_ws/src/turtlebot3_manipulation/turtlebot3_manipulation_teleop -DCMAKE_INSTALL_PREFIX=/home/rocotics/ros2_ws/install/turtlebot3_manipulation_teleop
[0.298s] -- The C compiler identification is GNU 9.4.0
[0.484s] -- The CXX compiler identification is GNU 9.4.0
[0.502s] -- Check for working C compiler: /usr/bin/cc
[0.773s] -- Check for working C compiler: /usr/bin/cc -- works
[0.776s] -- Detecting C compiler ABI info
[1.048s] -- Detecting C compiler ABI info - done
[1.077s] -- Detecting C compile features
[1.080s] -- Detecting C compile features - done
[1.092s] -- Check for working CXX compiler: /usr/bin/c++
[1.417s] -- Check for working CXX compiler: /usr/bin/c++ -- works
[1.421s] -- Detecting CXX compiler ABI info
[1.756s] -- Detecting CXX compiler ABI info - done
[1.801s] -- Detecting CXX compile features
[1.805s] -- Detecting CXX compile features - done
[1.818s] -- Found ament_cmake: 0.9.12 (/opt/ros/foxy/share/ament_cmake/cmake)
[1.914s] -- Found PythonInterp: /usr/bin/python3 (found suitable version "3.8.10", minimum required is "3") 
[1.915s] -- Using PYTHON_EXECUTABLE: /usr/bin/python3
[2.641s] -- Found rclcpp: 2.4.3 (/opt/ros/foxy/share/rclcpp/cmake)
[2.821s] -- Using all available rosidl_typesupport_c: rosidl_typesupport_fastrtps_c;rosidl_typesupport_introspection_c
[2.855s] -- Found rosidl_adapter: 1.3.1 (/opt/ros/foxy/share/rosidl_adapter/cmake)
[3.210s] -- Found OpenSSL: /usr/lib/x86_64-linux-gnu/libcrypto.so (found version "1.1.1f")  
[3.326s] -- Found FastRTPS: /opt/ros/foxy/include  
[3.631s] -- Using all available rosidl_typesupport_cpp: rosidl_typesupport_fastrtps_cpp;rosidl_typesupport_introspection_cpp
[3.853s] -- Found rmw_implementation_cmake: 1.0.4 (/opt/ros/foxy/share/rmw_implementation_cmake/cmake)
[3.860s] -- Using RMW implementation 'rmw_fastrtps_cpp' as default
[3.864s] -- Looking for pthread.h
[4.227s] -- Looking for pthread.h - found
[4.228s] -- Performing Test CMAKE_HAVE_LIBC_PTHREAD
[4.774s] -- Performing Test CMAKE_HAVE_LIBC_PTHREAD - Failed
[4.774s] -- Looking for pthread_create in pthreads
[5.298s] -- Looking for pthread_create in pthreads - not found
[5.300s] -- Looking for pthread_create in pthread
[5.626s] -- Looking for pthread_create in pthread - found
[5.632s] -- Found Threads: TRUE  
[6.390s] -- Found turtlebot3_manipulation_bringup: 2.1.0 (/home/rocotics/ros2_ws/install/turtlebot3_manipulation_bringup/share/turtlebot3_manipulation_bringup/cmake)
[6.392s] -- Found turtlebot3_manipulation_moveit_config: 2.1.0 (/home/rocotics/ros2_ws/install/turtlebot3_manipulation_moveit_config/share/turtlebot3_manipulation_moveit_config/cmake)
[6.398s] -- Found turtlebot3_manipulation_description: 2.1.0 (/home/rocotics/ros2_ws/install/turtlebot3_manipulation_description/share/turtlebot3_manipulation_description/cmake)
[6.410s] -- Found geometry_msgs: 2.0.5 (/opt/ros/foxy/share/geometry_msgs/cmake)
[6.684s] -- Found nav_msgs: 2.0.5 (/opt/ros/foxy/share/nav_msgs/cmake)
[7.013s] -- Found control_msgs: 2.5.1 (/opt/ros/foxy/share/control_msgs/cmake)
[8.264s] -- Found sensor_msgs: 2.0.5 (/opt/ros/foxy/share/sensor_msgs/cmake)
[8.570s] -- Found std_srvs: 2.0.5 (/opt/ros/foxy/share/std_srvs/cmake)
[8.627s] -- Found ament_lint_auto: 0.9.8 (/opt/ros/foxy/share/ament_lint_auto/cmake)
[8.908s] -- Added test 'copyright' to check source files copyright and LICENSE
[8.913s] -- Added test 'cppcheck' to perform static code analysis on C / C++ code
[8.915s] -- Configured cppcheck include dirs: $<BUILD_INTERFACE:/home/rocotics/ros2_ws/src/turtlebot3_manipulation/turtlebot3_manipulation_teleop/include>
[8.916s] -- Configured cppcheck exclude dirs and/or files: 
[8.920s] -- Added test 'cpplint' to check C / C++ code against the Google style
[8.920s] -- Configured cpplint exclude dirs and/or files: 
[8.923s] -- Added test 'lint_cmake' to check CMake code style
[8.928s] -- Added test 'uncrustify' to check C / C++ code style
[8.928s] -- Configured uncrustify additional arguments: 
[8.931s] -- Added test 'xmllint' to check XML markup files
[8.943s] -- Configuring done
[8.986s] -- Generating done
[8.998s] -- Build files have been written to: /home/rocotics/ros2_ws/build/turtlebot3_manipulation_teleop
[9.030s] Invoked command in '/home/rocotics/ros2_ws/build/turtlebot3_manipulation_teleop' returned '0': AMENT_PREFIX_PATH=/home/rocotics/ros2_ws/install/turtlebot3_manipulation_moveit_config:/home/rocotics/ros2_ws/install/turtlebot3_manipulation_bringup:/home/rocotics/ros2_ws/install/turtlebot3_manipulation_description:${AMENT_PREFIX_PATH} CMAKE_PREFIX_PATH=/home/rocotics/ros2_ws/install/turtlebot3_manipulation_moveit_config:/home/rocotics/ros2_ws/install/turtlebot3_manipulation_bringup:/home/rocotics/ros2_ws/install/turtlebot3_manipulation_description:/opt/ros/foxy /usr/bin/cmake /home/rocotics/ros2_ws/src/turtlebot3_manipulation/turtlebot3_manipulation_teleop -DCMAKE_INSTALL_PREFIX=/home/rocotics/ros2_ws/install/turtlebot3_manipulation_teleop
[9.031s] Invoking command in '/home/rocotics/ros2_ws/build/turtlebot3_manipulation_teleop': AMENT_PREFIX_PATH=/home/rocotics/ros2_ws/install/turtlebot3_manipulation_moveit_config:/home/rocotics/ros2_ws/install/turtlebot3_manipulation_bringup:/home/rocotics/ros2_ws/install/turtlebot3_manipulation_description:${AMENT_PREFIX_PATH} CMAKE_PREFIX_PATH=/home/rocotics/ros2_ws/install/turtlebot3_manipulation_moveit_config:/home/rocotics/ros2_ws/install/turtlebot3_manipulation_bringup:/home/rocotics/ros2_ws/install/turtlebot3_manipulation_description:/opt/ros/foxy /usr/bin/cmake --build /home/rocotics/ros2_ws/build/turtlebot3_manipulation_teleop -- -j2 -l2
[9.231s] [35m[1mScanning dependencies of target turtlebot3_manipulation_teleop[0m
[9.418s] [ 50%] [32mBuilding CXX object CMakeFiles/turtlebot3_manipulation_teleop.dir/src/turtlebot3_manipulation_teleop.cpp.o[0m
[25.424s] [100%] [32m[1mLinking CXX executable turtlebot3_manipulation_teleop[0m
[26.344s] [100%] Built target turtlebot3_manipulation_teleop
[26.389s] Invoked command in '/home/rocotics/ros2_ws/build/turtlebot3_manipulation_teleop' returned '0': AMENT_PREFIX_PATH=/home/rocotics/ros2_ws/install/turtlebot3_manipulation_moveit_config:/home/rocotics/ros2_ws/install/turtlebot3_manipulation_bringup:/home/rocotics/ros2_ws/install/turtlebot3_manipulation_description:${AMENT_PREFIX_PATH} CMAKE_PREFIX_PATH=/home/rocotics/ros2_ws/install/turtlebot3_manipulation_moveit_config:/home/rocotics/ros2_ws/install/turtlebot3_manipulation_bringup:/home/rocotics/ros2_ws/install/turtlebot3_manipulation_description:/opt/ros/foxy /usr/bin/cmake --build /home/rocotics/ros2_ws/build/turtlebot3_manipulation_teleop -- -j2 -l2
[26.513s] Invoking command in '/home/rocotics/ros2_ws/build/turtlebot3_manipulation_teleop': AMENT_PREFIX_PATH=/home/rocotics/ros2_ws/install/turtlebot3_manipulation_moveit_config:/home/rocotics/ros2_ws/install/turtlebot3_manipulation_bringup:/home/rocotics/ros2_ws/install/turtlebot3_manipulation_description:${AMENT_PREFIX_PATH} CMAKE_PREFIX_PATH=/home/rocotics/ros2_ws/install/turtlebot3_manipulation_moveit_config:/home/rocotics/ros2_ws/install/turtlebot3_manipulation_bringup:/home/rocotics/ros2_ws/install/turtlebot3_manipulation_description:/opt/ros/foxy /usr/bin/cmake --install /home/rocotics/ros2_ws/build/turtlebot3_manipulation_teleop
[26.553s] -- Install configuration: ""
[26.554s] -- Installing: /home/rocotics/ros2_ws/install/turtlebot3_manipulation_teleop/lib/turtlebot3_manipulation_teleop/turtlebot3_manipulation_teleop
[26.559s] -- Set runtime path of "/home/rocotics/ros2_ws/install/turtlebot3_manipulation_teleop/lib/turtlebot3_manipulation_teleop/turtlebot3_manipulation_teleop" to ""
[26.560s] -- Installing: /home/rocotics/ros2_ws/install/turtlebot3_manipulation_teleop/share/ament_index/resource_index/package_run_dependencies/turtlebot3_manipulation_teleop
[26.561s] -- Installing: /home/rocotics/ros2_ws/install/turtlebot3_manipulation_teleop/share/ament_index/resource_index/parent_prefix_path/turtlebot3_manipulation_teleop
[26.562s] -- Installing: /home/rocotics/ros2_ws/install/turtlebot3_manipulation_teleop/share/turtlebot3_manipulation_teleop/environment/ament_prefix_path.sh
[26.562s] -- Installing: /home/rocotics/ros2_ws/install/turtlebot3_manipulation_teleop/share/turtlebot3_manipulation_teleop/environment/ament_prefix_path.dsv
[26.563s] -- Installing: /home/rocotics/ros2_ws/install/turtlebot3_manipulation_teleop/share/turtlebot3_manipulation_teleop/environment/path.sh
[26.563s] -- Installing: /home/rocotics/ros2_ws/install/turtlebot3_manipulation_teleop/share/turtlebot3_manipulation_teleop/environment/path.dsv
[26.564s] -- Installing: /home/rocotics/ros2_ws/install/turtlebot3_manipulation_teleop/share/turtlebot3_manipulation_teleop/local_setup.bash
[26.564s] -- Installing: /home/rocotics/ros2_ws/install/turtlebot3_manipulation_teleop/share/turtlebot3_manipulation_teleop/local_setup.sh
[26.565s] -- Installing: /home/rocotics/ros2_ws/install/turtlebot3_manipulation_teleop/share/turtlebot3_manipulation_teleop/local_setup.zsh
[26.565s] -- Installing: /home/rocotics/ros2_ws/install/turtlebot3_manipulation_teleop/share/turtlebot3_manipulation_teleop/local_setup.dsv
[26.566s] -- Installing: /home/rocotics/ros2_ws/install/turtlebot3_manipulation_teleop/share/turtlebot3_manipulation_teleop/package.dsv
[26.566s] -- Installing: /home/rocotics/ros2_ws/install/turtlebot3_manipulation_teleop/share/ament_index/resource_index/packages/turtlebot3_manipulation_teleop
[26.567s] -- Installing: /home/rocotics/ros2_ws/install/turtlebot3_manipulation_teleop/share/turtlebot3_manipulation_teleop/cmake/turtlebot3_manipulation_teleopConfig.cmake
[26.567s] -- Installing: /home/rocotics/ros2_ws/install/turtlebot3_manipulation_teleop/share/turtlebot3_manipulation_teleop/cmake/turtlebot3_manipulation_teleopConfig-version.cmake
[26.568s] -- Installing: /home/rocotics/ros2_ws/install/turtlebot3_manipulation_teleop/share/turtlebot3_manipulation_teleop/package.xml
[26.579s] Invoked command in '/home/rocotics/ros2_ws/build/turtlebot3_manipulation_teleop' returned '0': AMENT_PREFIX_PATH=/home/rocotics/ros2_ws/install/turtlebot3_manipulation_moveit_config:/home/rocotics/ros2_ws/install/turtlebot3_manipulation_bringup:/home/rocotics/ros2_ws/install/turtlebot3_manipulation_description:${AMENT_PREFIX_PATH} CMAKE_PREFIX_PATH=/home/rocotics/ros2_ws/install/turtlebot3_manipulation_moveit_config:/home/rocotics/ros2_ws/install/turtlebot3_manipulation_bringup:/home/rocotics/ros2_ws/install/turtlebot3_manipulation_description:/opt/ros/foxy /usr/bin/cmake --install /home/rocotics/ros2_ws/build/turtlebot3_manipulation_teleop
