[0.116s] Invoking command in '/home/rocotics/ros2_ws/build/turtlebot3_manipulation_cartographer': CMAKE_PREFIX_PATH=/opt/ros/foxy /usr/bin/cmake /home/rocotics/ros2_ws/src/turtlebot3_manipulation/turtlebot3_manipulation_cartographer -DCMAKE_INSTALL_PREFIX=/home/rocotics/ros2_ws/install/turtlebot3_manipulation_cartographer
[0.371s] -- The C compiler identification is GNU 9.4.0
[0.602s] -- The CXX compiler identification is GNU 9.4.0
[0.618s] -- Check for working C compiler: /usr/bin/cc
[0.919s] -- Check for working C compiler: /usr/bin/cc -- works
[0.923s] -- Detecting C compiler ABI info
[1.211s] -- Detecting C compiler ABI info - done
[1.256s] -- Detecting C compile features
[1.259s] -- Detecting C compile features - done
[1.268s] -- Check for working CXX compiler: /usr/bin/c++
[1.582s] -- Check for working CXX compiler: /usr/bin/c++ -- works
[1.589s] -- Detecting CXX compiler ABI info
[1.941s] -- Detecting CXX compiler ABI info - done
[1.977s] -- Detecting CXX compile features
[1.979s] -- Detecting CXX compile features - done
[1.992s] -- Found ament_cmake: 0.9.12 (/opt/ros/foxy/share/ament_cmake/cmake)
[2.087s] -- Found PythonInterp: /usr/bin/python3 (found suitable version "3.8.10", minimum required is "3") 
[2.089s] -- Using PYTHON_EXECUTABLE: /usr/bin/python3
[3.065s] -- Configuring done
[3.071s] -- Generating done
[3.074s] -- Build files have been written to: /home/rocotics/ros2_ws/build/turtlebot3_manipulation_cartographer
[3.096s] Invoked command in '/home/rocotics/ros2_ws/build/turtlebot3_manipulation_cartographer' returned '0': CMAKE_PREFIX_PATH=/opt/ros/foxy /usr/bin/cmake /home/rocotics/ros2_ws/src/turtlebot3_manipulation/turtlebot3_manipulation_cartographer -DCMAKE_INSTALL_PREFIX=/home/rocotics/ros2_ws/install/turtlebot3_manipulation_cartographer
[3.101s] Invoking command in '/home/rocotics/ros2_ws/build/turtlebot3_manipulation_cartographer': CMAKE_PREFIX_PATH=/opt/ros/foxy /usr/bin/cmake --build /home/rocotics/ros2_ws/build/turtlebot3_manipulation_cartographer -- -j2 -l2
[3.286s] Invoked command in '/home/rocotics/ros2_ws/build/turtlebot3_manipulation_cartographer' returned '0': CMAKE_PREFIX_PATH=/opt/ros/foxy /usr/bin/cmake --build /home/rocotics/ros2_ws/build/turtlebot3_manipulation_cartographer -- -j2 -l2
[3.425s] Invoking command in '/home/rocotics/ros2_ws/build/turtlebot3_manipulation_cartographer': CMAKE_PREFIX_PATH=/opt/ros/foxy /usr/bin/cmake --install /home/rocotics/ros2_ws/build/turtlebot3_manipulation_cartographer
[3.472s] -- Install configuration: ""
[3.473s] -- Installing: /home/rocotics/ros2_ws/install/turtlebot3_manipulation_cartographer/share/turtlebot3_manipulation_cartographer/config
[3.474s] -- Installing: /home/rocotics/ros2_ws/install/turtlebot3_manipulation_cartographer/share/turtlebot3_manipulation_cartographer/config/turtlebot3_2d.lua
[3.475s] -- Installing: /home/rocotics/ros2_ws/install/turtlebot3_manipulation_cartographer/share/turtlebot3_manipulation_cartographer/launch
[3.476s] -- Installing: /home/rocotics/ros2_ws/install/turtlebot3_manipulation_cartographer/share/turtlebot3_manipulation_cartographer/launch/cartographer.launch.py
[3.476s] -- Installing: /home/rocotics/ros2_ws/install/turtlebot3_manipulation_cartographer/share/turtlebot3_manipulation_cartographer/launch/occupancy_grid.launch.py
[3.478s] -- Installing: /home/rocotics/ros2_ws/install/turtlebot3_manipulation_cartographer/share/turtlebot3_manipulation_cartographer/rviz
[3.479s] -- Installing: /home/rocotics/ros2_ws/install/turtlebot3_manipulation_cartographer/share/turtlebot3_manipulation_cartographer/rviz/cartographer.rviz
[3.480s] -- Installing: /home/rocotics/ros2_ws/install/turtlebot3_manipulation_cartographer/share/ament_index/resource_index/package_run_dependencies/turtlebot3_manipulation_cartographer
[3.482s] -- Installing: /home/rocotics/ros2_ws/install/turtlebot3_manipulation_cartographer/share/ament_index/resource_index/parent_prefix_path/turtlebot3_manipulation_cartographer
[3.483s] -- Installing: /home/rocotics/ros2_ws/install/turtlebot3_manipulation_cartographer/share/turtlebot3_manipulation_cartographer/environment/ament_prefix_path.sh
[3.485s] -- Installing: /home/rocotics/ros2_ws/install/turtlebot3_manipulation_cartographer/share/turtlebot3_manipulation_cartographer/environment/ament_prefix_path.dsv
[3.485s] -- Installing: /home/rocotics/ros2_ws/install/turtlebot3_manipulation_cartographer/share/turtlebot3_manipulation_cartographer/environment/path.sh
[3.487s] -- Installing: /home/rocotics/ros2_ws/install/turtlebot3_manipulation_cartographer/share/turtlebot3_manipulation_cartographer/environment/path.dsv
[3.488s] -- Installing: /home/rocotics/ros2_ws/install/turtlebot3_manipulation_cartographer/share/turtlebot3_manipulation_cartographer/local_setup.bash
[3.489s] -- Installing: /home/rocotics/ros2_ws/install/turtlebot3_manipulation_cartographer/share/turtlebot3_manipulation_cartographer/local_setup.sh
[3.490s] -- Installing: /home/rocotics/ros2_ws/install/turtlebot3_manipulation_cartographer/share/turtlebot3_manipulation_cartographer/local_setup.zsh
[3.491s] -- Installing: /home/rocotics/ros2_ws/install/turtlebot3_manipulation_cartographer/share/turtlebot3_manipulation_cartographer/local_setup.dsv
[3.496s] -- Installing: /home/rocotics/ros2_ws/install/turtlebot3_manipulation_cartographer/share/turtlebot3_manipulation_cartographer/package.dsv
[3.501s] -- Installing: /home/rocotics/ros2_ws/install/turtlebot3_manipulation_cartographer/share/ament_index/resource_index/packages/turtlebot3_manipulation_cartographer
[3.501s] -- Installing: /home/rocotics/ros2_ws/install/turtlebot3_manipulation_cartographer/share/turtlebot3_manipulation_cartographer/cmake/turtlebot3_manipulation_cartographerConfig.cmake
[3.503s] -- Installing: /home/rocotics/ros2_ws/install/turtlebot3_manipulation_cartographer/share/turtlebot3_manipulation_cartographer/cmake/turtlebot3_manipulation_cartographerConfig-version.cmake
[3.506s] -- Installing: /home/rocotics/ros2_ws/install/turtlebot3_manipulation_cartographer/share/turtlebot3_manipulation_cartographer/package.xml
[3.593s] Invoked command in '/home/rocotics/ros2_ws/build/turtlebot3_manipulation_cartographer' returned '0': CMAKE_PREFIX_PATH=/opt/ros/foxy /usr/bin/cmake --install /home/rocotics/ros2_ws/build/turtlebot3_manipulation_cartographer
